2015-10-17 18:33:41,729 - [run-main-0] DEBUG edu.nyu.oop.Boot - This is a debugging statement.
2015-10-17 19:11:00,770 - [run-main-1] DEBUG edu.nyu.oop.Boot - This is a debugging statement.
2015-10-17 19:11:52,289 - [run-main-2] DEBUG edu.nyu.oop.Boot - This is a debugging statement.
2015-10-17 20:34:37,487 - [run-main-3] DEBUG edu.nyu.oop.Boot - This is a debugging statement.
2015-10-21 15:03:38,615 - [pool-5-thread-4] DEBUG edu.nyu.oop.visitors.SourceParser - Loading Object.java
2015-10-21 15:03:38,637 - [pool-5-thread-4] DEBUG edu.nyu.oop.visitors.SourceParser - Loading Class.java
2015-10-21 15:03:38,638 - [pool-5-thread-4] DEBUG edu.nyu.oop.visitors.SourceParser - Loading Test000.java
2015-10-21 15:03:38,643 - [pool-5-thread-4] DEBUG e.nyu.oop.util.JavaFiveImportParser - Did not find a directory at /Users/Yougen/translator-syn-tax-collectors/src/main/java/inputs/test000
2015-10-21 15:03:38,643 - [pool-5-thread-4] DEBUG e.nyu.oop.util.JavaFiveImportParser - Loading Test000.java
2015-10-21 15:03:38,648 - [pool-5-thread-4] DEBUG edu.nyu.oop.visitors.SourceParser - Loading String.java
2015-10-21 15:03:38,652 - [pool-5-thread-4] INFO  edu.nyu.oop.ASTGeneratorTest - Executing SourceVisitorTest  with input file: src/test/java/inputs/test000/Test000.java
2015-10-25 04:41:31,253 - [pool-5-thread-4] DEBUG edu.nyu.oop.visitors.SourceParser - Loading Object.java
2015-10-25 04:41:31,286 - [pool-5-thread-4] DEBUG edu.nyu.oop.visitors.SourceParser - Loading Class.java
2015-10-25 04:41:31,289 - [pool-5-thread-4] DEBUG edu.nyu.oop.visitors.SourceParser - Loading Test000.java
2015-10-25 04:41:31,301 - [pool-5-thread-4] DEBUG e.nyu.oop.util.JavaFiveImportParser - Did not find a directory at /Users/Yougen/translator-syn-tax-collectors/src/main/java/inputs/test000
2015-10-25 04:41:31,302 - [pool-5-thread-4] DEBUG e.nyu.oop.util.JavaFiveImportParser - Loading Test000.java
2015-10-25 04:41:31,310 - [pool-5-thread-4] DEBUG edu.nyu.oop.visitors.SourceParser - Loading String.java
2015-10-25 04:41:31,316 - [pool-5-thread-4] INFO  edu.nyu.oop.ASTGeneratorTest - Executing SourceVisitorTest  with input file: src/test/java/inputs/test000/Test000.java
2015-10-25 05:53:32,570 - [pool-7-thread-1] DEBUG edu.nyu.oop.visitors.SourceParser - Loading Object.java
2015-10-25 05:53:32,590 - [pool-7-thread-1] DEBUG edu.nyu.oop.visitors.SourceParser - Loading Class.java
2015-10-25 05:53:32,591 - [pool-7-thread-1] DEBUG edu.nyu.oop.visitors.SourceParser - Loading Test000.java
2015-10-25 05:53:32,596 - [pool-7-thread-1] DEBUG e.nyu.oop.util.JavaFiveImportParser - Did not find a directory at /Users/Yougen/translator-syn-tax-collectors/src/main/java/inputs/test000
2015-10-25 05:53:32,597 - [pool-7-thread-1] DEBUG e.nyu.oop.util.JavaFiveImportParser - Loading Test000.java
2015-10-25 05:53:32,605 - [pool-7-thread-1] DEBUG edu.nyu.oop.visitors.SourceParser - Loading String.java
2015-10-25 05:53:32,611 - [pool-7-thread-1] INFO  edu.nyu.oop.ASTGeneratorTest - Executing SourceVisitorTest  with input file: src/test/java/inputs/test000/Test000.java
2015-10-25 05:56:57,333 - [pool-9-thread-4] DEBUG edu.nyu.oop.visitors.SourceParser - Loading Object.java
2015-10-25 05:56:57,352 - [pool-9-thread-4] DEBUG edu.nyu.oop.visitors.SourceParser - Loading Class.java
2015-10-25 05:56:57,353 - [pool-9-thread-4] DEBUG edu.nyu.oop.visitors.SourceParser - Loading Test000.java
2015-10-25 05:56:57,357 - [pool-9-thread-4] DEBUG e.nyu.oop.util.JavaFiveImportParser - Did not find a directory at /Users/Yougen/translator-syn-tax-collectors/src/main/java/inputs/test000
2015-10-25 05:56:57,358 - [pool-9-thread-4] DEBUG e.nyu.oop.util.JavaFiveImportParser - Loading Test000.java
2015-10-25 05:56:57,364 - [pool-9-thread-4] DEBUG edu.nyu.oop.visitors.SourceParser - Loading String.java
2015-10-25 05:56:57,368 - [pool-9-thread-4] INFO  edu.nyu.oop.ASTGeneratorTest - Executing SourceVisitorTest  with input file: src/test/java/inputs/test000/Test000.java
2015-10-25 06:04:41,226 - [pool-11-thread-5] DEBUG edu.nyu.oop.visitors.SourceParser - Loading Object.java
2015-10-25 06:04:41,241 - [pool-11-thread-5] DEBUG edu.nyu.oop.visitors.SourceParser - Loading Class.java
2015-10-25 06:04:41,242 - [pool-11-thread-5] DEBUG edu.nyu.oop.visitors.SourceParser - Loading Test000.java
2015-10-25 06:04:41,246 - [pool-11-thread-5] DEBUG e.nyu.oop.util.JavaFiveImportParser - Did not find a directory at /Users/Yougen/translator-syn-tax-collectors/src/main/java/inputs/test000
2015-10-25 06:04:41,247 - [pool-11-thread-5] DEBUG e.nyu.oop.util.JavaFiveImportParser - Loading Test000.java
2015-10-25 06:04:41,252 - [pool-11-thread-5] DEBUG edu.nyu.oop.visitors.SourceParser - Loading String.java
2015-10-25 06:04:41,256 - [pool-11-thread-5] INFO  edu.nyu.oop.ASTGeneratorTest - Executing SourceVisitorTest  with input file: src/test/java/inputs/test000/Test000.java
2015-10-25 06:11:52,987 - [pool-13-thread-5] DEBUG edu.nyu.oop.visitors.SourceParser - Loading Object.java
2015-10-25 06:11:53,003 - [pool-13-thread-5] DEBUG edu.nyu.oop.visitors.SourceParser - Loading Class.java
2015-10-25 06:11:53,004 - [pool-13-thread-5] DEBUG edu.nyu.oop.visitors.SourceParser - Loading Test000.java
2015-10-25 06:11:53,007 - [pool-13-thread-5] DEBUG e.nyu.oop.util.JavaFiveImportParser - Did not find a directory at /Users/Yougen/translator-syn-tax-collectors/src/main/java/inputs/test000
2015-10-25 06:11:53,008 - [pool-13-thread-5] DEBUG e.nyu.oop.util.JavaFiveImportParser - Loading Test000.java
2015-10-25 06:11:53,013 - [pool-13-thread-5] DEBUG edu.nyu.oop.visitors.SourceParser - Loading String.java
2015-10-25 06:11:53,016 - [pool-13-thread-5] INFO  edu.nyu.oop.ASTGeneratorTest - Executing SourceVisitorTest  with input file: src/test/java/inputs/test000/Test000.java
2015-10-25 06:12:23,918 - [pool-15-thread-1] DEBUG edu.nyu.oop.visitors.SourceParser - Loading Object.java
2015-10-25 06:12:23,933 - [pool-15-thread-1] DEBUG edu.nyu.oop.visitors.SourceParser - Loading Class.java
2015-10-25 06:12:23,935 - [pool-15-thread-1] DEBUG edu.nyu.oop.visitors.SourceParser - Loading Test000.java
2015-10-25 06:12:23,938 - [pool-15-thread-1] DEBUG e.nyu.oop.util.JavaFiveImportParser - Did not find a directory at /Users/Yougen/translator-syn-tax-collectors/src/main/java/inputs/test000
2015-10-25 06:12:23,939 - [pool-15-thread-1] DEBUG e.nyu.oop.util.JavaFiveImportParser - Loading Test000.java
2015-10-25 06:12:23,944 - [pool-15-thread-1] DEBUG edu.nyu.oop.visitors.SourceParser - Loading String.java
2015-10-25 06:12:23,948 - [pool-15-thread-1] INFO  edu.nyu.oop.ASTGeneratorTest - Executing SourceVisitorTest  with input file: src/test/java/inputs/test000/Test000.java
2015-10-25 06:27:26,654 - [pool-17-thread-3] DEBUG edu.nyu.oop.visitors.SourceParser - Loading Object.java
2015-10-25 06:27:26,668 - [pool-17-thread-3] DEBUG edu.nyu.oop.visitors.SourceParser - Loading Class.java
2015-10-25 06:27:26,669 - [pool-17-thread-3] DEBUG edu.nyu.oop.visitors.SourceParser - Loading Test000.java
2015-10-25 06:27:26,673 - [pool-17-thread-3] DEBUG e.nyu.oop.util.JavaFiveImportParser - Did not find a directory at /Users/Yougen/translator-syn-tax-collectors/src/main/java/inputs/test000
2015-10-25 06:27:26,673 - [pool-17-thread-3] DEBUG e.nyu.oop.util.JavaFiveImportParser - Loading Test000.java
2015-10-25 06:27:26,678 - [pool-17-thread-3] DEBUG edu.nyu.oop.visitors.SourceParser - Loading String.java
2015-10-25 06:27:26,682 - [pool-17-thread-3] INFO  edu.nyu.oop.ASTGeneratorTest - Executing SourceVisitorTest  with input file: src/test/java/inputs/test000/Test000.java
2015-10-26 01:53:39,304 - [pool-11-thread-5] DEBUG edu.nyu.oop.visitors.SourceParser - Loading Object.java
2015-10-26 01:53:39,329 - [pool-11-thread-5] DEBUG edu.nyu.oop.visitors.SourceParser - Loading Class.java
2015-10-26 01:53:39,330 - [pool-11-thread-5] DEBUG edu.nyu.oop.visitors.SourceParser - Loading String.java
2015-10-26 01:53:39,331 - [pool-11-thread-5] DEBUG edu.nyu.oop.visitors.SourceParser - Loading Test000.java
2015-10-26 01:53:39,338 - [pool-11-thread-5] DEBUG e.nyu.oop.util.JavaFiveImportParser - Did not find a directory at /Users/Yougen/translator-syn-tax-collectors/src/main/java/inputs/test000
2015-10-26 01:53:39,338 - [pool-11-thread-5] DEBUG e.nyu.oop.util.JavaFiveImportParser - Loading Test000.java
2015-10-26 01:53:39,347 - [pool-11-thread-5] INFO  edu.nyu.oop.ASTGeneratorTest - Executing SourceVisitorTest  with input file: src/test/java/inputs/test000/Test000.java
2015-10-26 01:59:53,651 - [pool-6-thread-3] DEBUG edu.nyu.oop.visitors.SourceParser - Loading Object.java
2015-10-26 01:59:53,666 - [pool-6-thread-3] DEBUG edu.nyu.oop.visitors.SourceParser - Loading Class.java
2015-10-26 01:59:53,667 - [pool-6-thread-3] DEBUG edu.nyu.oop.visitors.SourceParser - Loading String.java
2015-10-26 01:59:53,669 - [pool-6-thread-3] DEBUG edu.nyu.oop.visitors.SourceParser - Loading Test016.java
2015-10-26 01:59:53,675 - [pool-6-thread-3] DEBUG e.nyu.oop.util.JavaFiveImportParser - Did not find a directory at /Users/Yougen/translator-syn-tax-collectors/src/main/java/inputs/test016
2015-10-26 01:59:53,675 - [pool-6-thread-3] DEBUG e.nyu.oop.util.JavaFiveImportParser - Loading Test016.java
2015-10-26 01:59:53,686 - [pool-6-thread-3] INFO  edu.nyu.oop.ASTGeneratorTest - Executing SourceVisitorTest  with input file: src/test/java/inputs/test016/Test016.java
2015-10-26 02:54:02,557 - [pool-4-thread-4] DEBUG edu.nyu.oop.visitors.SourceParser - Loading Object.java
2015-10-26 02:54:02,575 - [pool-4-thread-4] DEBUG edu.nyu.oop.visitors.SourceParser - Loading Class.java
2015-10-26 02:54:02,576 - [pool-4-thread-4] DEBUG edu.nyu.oop.visitors.SourceParser - Loading String.java
2015-10-26 02:54:02,578 - [pool-4-thread-4] DEBUG edu.nyu.oop.visitors.SourceParser - Loading Test016.java
2015-10-26 02:54:02,583 - [pool-4-thread-4] DEBUG e.nyu.oop.util.JavaFiveImportParser - Did not find a directory at /Users/Yougen/translator-syn-tax-collectors/src/main/java/inputs/test016
2015-10-26 02:54:02,584 - [pool-4-thread-4] DEBUG e.nyu.oop.util.JavaFiveImportParser - Loading Test016.java
2015-10-26 02:54:02,596 - [pool-4-thread-4] INFO  edu.nyu.oop.ASTGeneratorTest - Executing SourceVisitorTest  with input file: src/test/java/inputs/test016/Test016.java
2015-10-26 15:48:20,639 - [pool-4-thread-5] DEBUG edu.nyu.oop.visitors.SourceParser - Loading Object.java
2015-10-26 15:48:20,666 - [pool-4-thread-5] DEBUG edu.nyu.oop.visitors.SourceParser - Loading Class.java
2015-10-26 15:48:20,667 - [pool-4-thread-5] DEBUG edu.nyu.oop.visitors.SourceParser - Loading String.java
2015-10-26 15:48:20,668 - [pool-4-thread-5] DEBUG edu.nyu.oop.visitors.SourceParser - Loading Test016.java
2015-10-26 15:48:20,677 - [pool-4-thread-5] DEBUG e.nyu.oop.util.JavaFiveImportParser - Did not find a directory at /Users/Yougen/translator-syn-tax-collectors/src/main/java/inputs/test016
2015-10-26 15:48:20,678 - [pool-4-thread-5] DEBUG e.nyu.oop.util.JavaFiveImportParser - Loading Test016.java
2015-10-26 15:48:20,693 - [pool-4-thread-5] INFO  edu.nyu.oop.ASTGeneratorTest - Executing SourceVisitorTest  with input file: src/test/java/inputs/test016/Test016.java
2015-10-28 01:12:31,824 - [pool-6-thread-4] INFO  edu.nyu.oop.ASTGeneratorTest - Executing JavaPrinterTest with input file: src/test/java/inputs/test008/Test008.java
2015-10-28 01:12:31,833 - [pool-6-thread-4] INFO  edu.nyu.oop.ASTGeneratorTest - Printing file...
2015-10-28 01:12:31,836 - [pool-6-thread-4] DEBUG edu.nyu.oop.JavaASTGenerator - Loading Test008.java
2015-10-28 01:12:31,872 - [pool-6-thread-4] DEBUG e.nyu.oop.util.JavaFiveImportParser - Did not find a directory at /Users/Yougen/translator-syn-tax-collectors/src/main/java/inputs/test008
2015-10-28 01:12:31,872 - [pool-6-thread-4] DEBUG e.nyu.oop.util.JavaFiveImportParser - Loading Test008.java
2015-10-28 01:16:26,939 - [pool-8-thread-5] INFO  edu.nyu.oop.ASTGeneratorTest - Executing SourceVisitorTest  with input file: src/test/java/inputs/test022/Test022.java
2015-10-28 01:16:26,947 - [pool-8-thread-5] INFO  edu.nyu.oop.ASTGeneratorTest - Printing CPP file...
2015-10-28 01:19:25,160 - [pool-10-thread-2] INFO  edu.nyu.oop.ASTGeneratorTest - Executing JavaPrinterTest with input file: src/test/java/inputs/test008/Test008.java
2015-10-28 01:19:25,164 - [pool-10-thread-2] INFO  edu.nyu.oop.ASTGeneratorTest - Printing file...
2015-10-28 01:19:25,168 - [pool-10-thread-2] DEBUG edu.nyu.oop.JavaASTGenerator - Loading Test008.java
2015-10-28 01:19:25,198 - [pool-10-thread-2] DEBUG e.nyu.oop.util.JavaFiveImportParser - Did not find a directory at /Users/Yougen/translator-syn-tax-collectors/src/main/java/inputs/test008
2015-10-28 01:19:25,198 - [pool-10-thread-2] DEBUG e.nyu.oop.util.JavaFiveImportParser - Loading Test008.java
2015-10-28 01:26:05,055 - [pool-14-thread-5] INFO  edu.nyu.oop.ASTGeneratorTest - Executing JavaPrinterTest with input file: src/test/java/inputs/test008/Test008.java
2015-10-28 01:26:05,059 - [pool-14-thread-5] INFO  edu.nyu.oop.ASTGeneratorTest - Printing file...
2015-10-28 01:26:05,061 - [pool-14-thread-5] DEBUG edu.nyu.oop.JavaASTGenerator - Loading Test008.java
2015-10-28 01:26:05,084 - [pool-14-thread-5] DEBUG e.nyu.oop.util.JavaFiveImportParser - Did not find a directory at /Users/Yougen/translator-syn-tax-collectors/src/main/java/inputs/test008
2015-10-28 01:26:05,084 - [pool-14-thread-5] DEBUG e.nyu.oop.util.JavaFiveImportParser - Loading Test008.java
2015-10-28 01:29:47,918 - [pool-16-thread-5] INFO  edu.nyu.oop.ASTGeneratorTest - Executing JavaPrinterTest with input file: src/test/java/inputs/test008/Test008.java
2015-10-28 01:29:47,924 - [pool-16-thread-5] INFO  edu.nyu.oop.ASTGeneratorTest - Printing file...
2015-10-28 01:29:47,931 - [pool-16-thread-5] DEBUG edu.nyu.oop.JavaASTGenerator - Loading Test008.java
2015-10-28 01:29:47,967 - [pool-16-thread-5] DEBUG e.nyu.oop.util.JavaFiveImportParser - Did not find a directory at /Users/Yougen/translator-syn-tax-collectors/src/main/java/inputs/test008
2015-10-28 01:29:47,968 - [pool-16-thread-5] DEBUG e.nyu.oop.util.JavaFiveImportParser - Loading Test008.java
2015-10-28 01:34:04,470 - [pool-22-thread-2] INFO  edu.nyu.oop.ASTGeneratorTest - Executing JavaPrinterTest with input file: src/test/java/inputs/test008/Test008.java
2015-10-28 01:34:04,473 - [pool-22-thread-2] INFO  edu.nyu.oop.ASTGeneratorTest - Printing file...
2015-10-28 01:34:04,475 - [pool-22-thread-2] DEBUG edu.nyu.oop.JavaASTGenerator - Loading Test008.java
2015-10-28 01:34:04,494 - [pool-22-thread-2] DEBUG e.nyu.oop.util.JavaFiveImportParser - Did not find a directory at /Users/Yougen/translator-syn-tax-collectors/src/main/java/inputs/test008
2015-10-28 01:34:04,495 - [pool-22-thread-2] DEBUG e.nyu.oop.util.JavaFiveImportParser - Loading Test008.java
2015-10-28 01:36:16,776 - [pool-24-thread-2] INFO  edu.nyu.oop.ASTGeneratorTest - Executing JavaPrinterTest with input file: src/test/java/inputs/test008/Test008.java
2015-10-28 01:36:16,779 - [pool-24-thread-2] INFO  edu.nyu.oop.ASTGeneratorTest - Printing file...
2015-10-28 01:36:16,782 - [pool-24-thread-2] DEBUG edu.nyu.oop.JavaASTGenerator - Loading Test008.java
2015-10-28 01:36:16,816 - [pool-24-thread-2] DEBUG e.nyu.oop.util.JavaFiveImportParser - Did not find a directory at /Users/Yougen/translator-syn-tax-collectors/src/main/java/inputs/test008
2015-10-28 01:36:16,818 - [pool-24-thread-2] DEBUG e.nyu.oop.util.JavaFiveImportParser - Loading Test008.java
2015-10-28 01:46:08,927 - [pool-31-thread-2] INFO  edu.nyu.oop.ASTGeneratorTest - Executing JavaPrinterTest with input file: src/test/java/inputs/test008/Test008.java
2015-10-28 01:46:08,931 - [pool-31-thread-2] INFO  edu.nyu.oop.ASTGeneratorTest - Printing file...
2015-10-28 01:46:08,933 - [pool-31-thread-2] DEBUG edu.nyu.oop.JavaASTGenerator - Loading Test008.java
2015-10-28 01:46:08,953 - [pool-31-thread-2] DEBUG e.nyu.oop.util.JavaFiveImportParser - Did not find a directory at /Users/Yougen/translator-syn-tax-collectors/src/main/java/inputs/test008
2015-10-28 01:46:08,953 - [pool-31-thread-2] DEBUG e.nyu.oop.util.JavaFiveImportParser - Loading Test008.java
2015-10-28 01:48:26,306 - [pool-33-thread-2] INFO  edu.nyu.oop.ASTGeneratorTest - Executing JavaPrinterTest with input file: src/test/java/inputs/test008/Test008.java
2015-10-28 01:48:26,310 - [pool-33-thread-2] INFO  edu.nyu.oop.ASTGeneratorTest - Printing file...
2015-10-28 01:48:26,312 - [pool-33-thread-2] DEBUG edu.nyu.oop.JavaASTGenerator - Loading Test008.java
2015-10-28 01:48:26,339 - [pool-33-thread-2] DEBUG e.nyu.oop.util.JavaFiveImportParser - Did not find a directory at /Users/Yougen/translator-syn-tax-collectors/src/main/java/inputs/test008
2015-10-28 01:48:26,340 - [pool-33-thread-2] DEBUG e.nyu.oop.util.JavaFiveImportParser - Loading Test008.java
2015-10-28 01:50:30,327 - [pool-36-thread-6] INFO  edu.nyu.oop.ASTGeneratorTest - Executing JavaPrinterTest with input file: src/test/java/inputs/test008/Test008.java
2015-10-28 01:50:30,335 - [pool-36-thread-6] INFO  edu.nyu.oop.ASTGeneratorTest - Printing file...
2015-10-28 01:50:30,337 - [pool-36-thread-6] DEBUG edu.nyu.oop.JavaASTGenerator - Loading Test008.java
2015-10-28 01:50:30,369 - [pool-36-thread-6] DEBUG e.nyu.oop.util.JavaFiveImportParser - Did not find a directory at /Users/Yougen/translator-syn-tax-collectors/src/main/java/inputs/test008
2015-10-28 01:50:30,370 - [pool-36-thread-6] DEBUG e.nyu.oop.util.JavaFiveImportParser - Loading Test008.java
2015-10-28 01:54:16,406 - [pool-38-thread-6] INFO  edu.nyu.oop.ASTGeneratorTest - Executing JavaPrinterTest with input file: src/test/java/inputs/test008/Test008.java
2015-10-28 01:54:16,411 - [pool-38-thread-6] INFO  edu.nyu.oop.ASTGeneratorTest - Printing file...
2015-10-28 01:54:16,416 - [pool-38-thread-6] DEBUG edu.nyu.oop.JavaASTGenerator - Loading Test008.java
2015-10-28 01:54:16,446 - [pool-38-thread-6] DEBUG e.nyu.oop.util.JavaFiveImportParser - Did not find a directory at /Users/Yougen/translator-syn-tax-collectors/src/main/java/inputs/test008
2015-10-28 01:54:16,448 - [pool-38-thread-6] DEBUG e.nyu.oop.util.JavaFiveImportParser - Loading Test008.java
2015-10-28 01:54:29,974 - [pool-40-thread-3] INFO  edu.nyu.oop.ASTGeneratorTest - Executing JavaPrinterTest with input file: src/test/java/inputs/test008/Test008.java
2015-10-28 01:54:29,978 - [pool-40-thread-3] INFO  edu.nyu.oop.ASTGeneratorTest - Printing file...
2015-10-28 01:54:29,982 - [pool-40-thread-3] DEBUG edu.nyu.oop.JavaASTGenerator - Loading Test008.java
2015-10-28 01:54:30,015 - [pool-40-thread-3] DEBUG e.nyu.oop.util.JavaFiveImportParser - Did not find a directory at /Users/Yougen/translator-syn-tax-collectors/src/main/java/inputs/test008
2015-10-28 01:54:30,015 - [pool-40-thread-3] DEBUG e.nyu.oop.util.JavaFiveImportParser - Loading Test008.java
2015-10-28 01:55:05,413 - [pool-42-thread-1] INFO  edu.nyu.oop.ASTGeneratorTest - Executing JavaPrinterTest with input file: src/test/java/inputs/test008/Test008.java
2015-10-28 01:55:05,416 - [pool-42-thread-1] INFO  edu.nyu.oop.ASTGeneratorTest - Printing file...
2015-10-28 01:55:05,419 - [pool-42-thread-1] DEBUG edu.nyu.oop.JavaASTGenerator - Loading Test008.java
2015-10-28 01:55:05,444 - [pool-42-thread-1] DEBUG e.nyu.oop.util.JavaFiveImportParser - Did not find a directory at /Users/Yougen/translator-syn-tax-collectors/src/main/java/inputs/test008
2015-10-28 01:55:05,444 - [pool-42-thread-1] DEBUG e.nyu.oop.util.JavaFiveImportParser - Loading Test008.java
2015-10-28 01:55:12,085 - [pool-44-thread-4] INFO  edu.nyu.oop.ASTGeneratorTest - Executing JavaPrinterTest with input file: src/test/java/inputs/test008/Test008.java
2015-10-28 01:55:12,088 - [pool-44-thread-4] INFO  edu.nyu.oop.ASTGeneratorTest - Printing file...
2015-10-28 01:55:12,090 - [pool-44-thread-4] DEBUG edu.nyu.oop.JavaASTGenerator - Loading Test008.java
2015-10-28 01:55:12,113 - [pool-44-thread-4] DEBUG e.nyu.oop.util.JavaFiveImportParser - Did not find a directory at /Users/Yougen/translator-syn-tax-collectors/src/main/java/inputs/test008
2015-10-28 01:55:12,113 - [pool-44-thread-4] DEBUG e.nyu.oop.util.JavaFiveImportParser - Loading Test008.java
2015-10-28 01:57:09,477 - [pool-46-thread-2] INFO  edu.nyu.oop.ASTGeneratorTest - Executing JavaPrinterTest with input file: src/test/java/inputs/test008/Test008.java
2015-10-28 01:57:09,481 - [pool-46-thread-2] INFO  edu.nyu.oop.ASTGeneratorTest - Printing file...
2015-10-28 01:57:09,483 - [pool-46-thread-2] DEBUG edu.nyu.oop.JavaASTGenerator - Loading Test008.java
2015-10-28 01:57:09,513 - [pool-46-thread-2] DEBUG e.nyu.oop.util.JavaFiveImportParser - Did not find a directory at /Users/Yougen/translator-syn-tax-collectors/src/main/java/inputs/test008
2015-10-28 01:57:09,513 - [pool-46-thread-2] DEBUG e.nyu.oop.util.JavaFiveImportParser - Loading Test008.java
2015-10-28 01:57:51,574 - [pool-49-thread-5] INFO  edu.nyu.oop.ASTGeneratorTest - Executing JavaPrinterTest with input file: src/test/java/inputs/test008/Test008.java
2015-10-28 01:57:51,578 - [pool-49-thread-5] INFO  edu.nyu.oop.ASTGeneratorTest - Printing file...
2015-10-28 01:57:51,580 - [pool-49-thread-5] DEBUG edu.nyu.oop.JavaASTGenerator - Loading Test008.java
2015-10-28 01:57:51,605 - [pool-49-thread-5] DEBUG e.nyu.oop.util.JavaFiveImportParser - Did not find a directory at /Users/Yougen/translator-syn-tax-collectors/src/main/java/inputs/test008
2015-10-28 01:57:51,607 - [pool-49-thread-5] DEBUG e.nyu.oop.util.JavaFiveImportParser - Loading Test008.java
2015-10-28 01:57:57,966 - [pool-51-thread-2] INFO  edu.nyu.oop.ASTGeneratorTest - Executing JavaPrinterTest with input file: src/test/java/inputs/test008/Test008.java
2015-10-28 01:57:57,969 - [pool-51-thread-2] INFO  edu.nyu.oop.ASTGeneratorTest - Printing file...
2015-10-28 01:57:57,971 - [pool-51-thread-2] DEBUG edu.nyu.oop.JavaASTGenerator - Loading Test008.java
2015-10-28 01:57:58,000 - [pool-51-thread-2] DEBUG e.nyu.oop.util.JavaFiveImportParser - Did not find a directory at /Users/Yougen/translator-syn-tax-collectors/src/main/java/inputs/test008
2015-10-28 01:57:58,001 - [pool-51-thread-2] DEBUG e.nyu.oop.util.JavaFiveImportParser - Loading Test008.java
2015-10-28 01:58:51,740 - [pool-53-thread-3] INFO  edu.nyu.oop.ASTGeneratorTest - Executing JavaPrinterTest with input file: src/test/java/inputs/test008/Test008.java
2015-10-28 01:58:51,743 - [pool-53-thread-3] INFO  edu.nyu.oop.ASTGeneratorTest - Printing file...
2015-10-28 01:58:51,745 - [pool-53-thread-3] DEBUG edu.nyu.oop.JavaASTGenerator - Loading Test008.java
2015-10-28 01:58:51,771 - [pool-53-thread-3] DEBUG e.nyu.oop.util.JavaFiveImportParser - Did not find a directory at /Users/Yougen/translator-syn-tax-collectors/src/main/java/inputs/test008
2015-10-28 01:58:51,771 - [pool-53-thread-3] DEBUG e.nyu.oop.util.JavaFiveImportParser - Loading Test008.java
2015-10-28 02:02:31,380 - [pool-56-thread-5] INFO  edu.nyu.oop.ASTGeneratorTest - Executing JavaPrinterTest with input file: src/test/java/inputs/test008/Test008.java
2015-10-28 02:02:31,387 - [pool-56-thread-5] INFO  edu.nyu.oop.ASTGeneratorTest - Printing file...
2015-10-28 02:02:31,389 - [pool-56-thread-5] DEBUG edu.nyu.oop.JavaASTGenerator - Loading Test008.java
2015-10-28 02:02:31,417 - [pool-56-thread-5] DEBUG e.nyu.oop.util.JavaFiveImportParser - Did not find a directory at /Users/Yougen/translator-syn-tax-collectors/src/main/java/inputs/test008
2015-10-28 02:02:31,417 - [pool-56-thread-5] DEBUG e.nyu.oop.util.JavaFiveImportParser - Loading Test008.java
2015-10-28 02:06:57,705 - [pool-4-thread-2] INFO  edu.nyu.oop.ASTGeneratorTest - Executing JavaPrinterTest with input file: src/test/java/inputs/test008/Test008.java
2015-10-28 02:06:57,709 - [pool-4-thread-2] INFO  edu.nyu.oop.ASTGeneratorTest - Printing file...
2015-10-28 02:06:57,711 - [pool-4-thread-2] DEBUG edu.nyu.oop.JavaASTGenerator - Loading Test008.java
2015-10-28 02:06:57,742 - [pool-4-thread-2] DEBUG e.nyu.oop.util.JavaFiveImportParser - Did not find a directory at /Users/Yougen/translator-syn-tax-collectors/src/main/java/inputs/test008
2015-10-28 02:06:57,742 - [pool-4-thread-2] DEBUG e.nyu.oop.util.JavaFiveImportParser - Loading Test008.java
2015-10-28 02:12:39,078 - [pool-6-thread-1] INFO  edu.nyu.oop.ASTGeneratorTest - Executing JavaPrinterTest with input file: src/test/java/inputs/test008/Test008.java
2015-10-28 02:12:39,081 - [pool-6-thread-1] INFO  edu.nyu.oop.ASTGeneratorTest - Printing file...
2015-10-28 02:12:39,084 - [pool-6-thread-1] DEBUG edu.nyu.oop.JavaASTGenerator - Loading Test008.java
2015-10-28 02:12:39,129 - [pool-6-thread-1] DEBUG e.nyu.oop.util.JavaFiveImportParser - Did not find a directory at /Users/Yougen/translator-syn-tax-collectors/src/main/java/inputs/test008
2015-10-28 02:12:39,130 - [pool-6-thread-1] DEBUG e.nyu.oop.util.JavaFiveImportParser - Loading Test008.java
2015-10-28 02:34:10,023 - [pool-7-thread-1] INFO  edu.nyu.oop.ASTGeneratorTest - Executing JavaPrinterTest with input file: src/test/java/inputs/test008/Test008.java
2015-10-28 02:34:10,028 - [pool-7-thread-1] INFO  edu.nyu.oop.ASTGeneratorTest - Printing file...
2015-10-28 02:34:10,033 - [pool-7-thread-1] DEBUG edu.nyu.oop.JavaASTGenerator - Loading Test008.java
2015-10-28 02:34:10,063 - [pool-7-thread-1] DEBUG e.nyu.oop.util.JavaFiveImportParser - Did not find a directory at /Users/Yougen/translator-syn-tax-collectors/src/main/java/inputs/test008
2015-10-28 02:34:10,064 - [pool-7-thread-1] DEBUG e.nyu.oop.util.JavaFiveImportParser - Loading Test008.java
2015-10-28 02:34:44,084 - [pool-9-thread-3] INFO  edu.nyu.oop.ASTGeneratorTest - Executing JavaPrinterTest with input file: src/test/java/inputs/test008/Test008.java
2015-10-28 02:34:44,087 - [pool-9-thread-3] INFO  edu.nyu.oop.ASTGeneratorTest - Printing file...
2015-10-28 02:34:44,093 - [pool-9-thread-3] DEBUG edu.nyu.oop.JavaASTGenerator - Loading Test008.java
2015-10-28 02:34:44,111 - [pool-9-thread-3] DEBUG e.nyu.oop.util.JavaFiveImportParser - Did not find a directory at /Users/Yougen/translator-syn-tax-collectors/src/main/java/inputs/test008
2015-10-28 02:34:44,111 - [pool-9-thread-3] DEBUG e.nyu.oop.util.JavaFiveImportParser - Loading Test008.java
2015-10-28 02:55:36,931 - [pool-11-thread-1] INFO  edu.nyu.oop.ASTGeneratorTest - Executing JavaPrinterTest with input file: src/test/java/inputs/test007/Test007.java
2015-10-28 02:55:36,939 - [pool-11-thread-1] INFO  edu.nyu.oop.ASTGeneratorTest - Printing file...
2015-10-28 02:55:36,945 - [pool-11-thread-1] DEBUG edu.nyu.oop.JavaASTGenerator - Loading Test007.java
2015-10-28 02:55:36,978 - [pool-11-thread-1] DEBUG e.nyu.oop.util.JavaFiveImportParser - Did not find a directory at /Users/Yougen/translator-syn-tax-collectors/src/main/java/inputs/test007
2015-10-28 02:55:36,978 - [pool-11-thread-1] DEBUG e.nyu.oop.util.JavaFiveImportParser - Loading Test007.java
2015-10-28 02:59:31,358 - [pool-4-thread-3] INFO  edu.nyu.oop.ASTGeneratorTest - Executing JavaPrinterTest with input file: src/test/java/inputs/test001/Test001.java
2015-10-28 02:59:31,361 - [pool-4-thread-3] INFO  edu.nyu.oop.ASTGeneratorTest - Printing file...
2015-10-28 02:59:31,372 - [pool-4-thread-3] DEBUG edu.nyu.oop.JavaASTGenerator - Loading Test001.java
2015-10-28 02:59:31,404 - [pool-4-thread-3] DEBUG e.nyu.oop.util.JavaFiveImportParser - Did not find a directory at /Users/Yougen/translator-syn-tax-collectors/src/main/java/inputs/test001
2015-10-28 02:59:31,404 - [pool-4-thread-3] DEBUG e.nyu.oop.util.JavaFiveImportParser - Loading Test001.java
2015-10-28 03:01:43,690 - [pool-6-thread-2] INFO  edu.nyu.oop.ASTGeneratorTest - Executing JavaPrinterTest with input file: src/test/java/inputs/test000/Test000.java
2015-10-28 03:01:43,693 - [pool-6-thread-2] INFO  edu.nyu.oop.ASTGeneratorTest - Printing file...
2015-10-28 03:01:43,705 - [pool-6-thread-2] DEBUG edu.nyu.oop.JavaASTGenerator - Loading Test000.java
2015-10-28 03:01:43,729 - [pool-6-thread-2] DEBUG e.nyu.oop.util.JavaFiveImportParser - Did not find a directory at /Users/Yougen/translator-syn-tax-collectors/src/main/java/inputs/test000
2015-10-28 03:01:43,729 - [pool-6-thread-2] DEBUG e.nyu.oop.util.JavaFiveImportParser - Loading Test000.java
2015-10-28 03:02:14,920 - [pool-8-thread-2] INFO  edu.nyu.oop.ASTGeneratorTest - Executing JavaPrinterTest with input file: src/test/java/inputs/test000/Test000.java
2015-10-28 03:02:14,923 - [pool-8-thread-2] INFO  edu.nyu.oop.ASTGeneratorTest - Printing file...
2015-10-28 03:02:14,934 - [pool-8-thread-2] DEBUG edu.nyu.oop.JavaASTGenerator - Loading Test000.java
2015-10-28 03:02:14,957 - [pool-8-thread-2] DEBUG e.nyu.oop.util.JavaFiveImportParser - Did not find a directory at /Users/Yougen/translator-syn-tax-collectors/src/main/java/inputs/test000
2015-10-28 03:02:14,957 - [pool-8-thread-2] DEBUG e.nyu.oop.util.JavaFiveImportParser - Loading Test000.java
2015-10-28 03:02:51,527 - [pool-10-thread-3] INFO  edu.nyu.oop.ASTGeneratorTest - Executing JavaPrinterTest with input file: src/test/java/inputs/test002/Test002.java
2015-10-28 03:02:51,531 - [pool-10-thread-3] INFO  edu.nyu.oop.ASTGeneratorTest - Printing file...
2015-10-28 03:02:51,541 - [pool-10-thread-3] DEBUG edu.nyu.oop.JavaASTGenerator - Loading Test002.java
2015-10-28 03:02:51,565 - [pool-10-thread-3] DEBUG e.nyu.oop.util.JavaFiveImportParser - Did not find a directory at /Users/Yougen/translator-syn-tax-collectors/src/main/java/inputs/test002
2015-10-28 03:02:51,567 - [pool-10-thread-3] DEBUG e.nyu.oop.util.JavaFiveImportParser - Loading Test002.java
2015-10-28 03:03:59,514 - [pool-12-thread-4] INFO  edu.nyu.oop.ASTGeneratorTest - Executing JavaPrinterTest with input file: src/test/java/inputs/test003/Test003.java
2015-10-28 03:03:59,521 - [pool-12-thread-4] INFO  edu.nyu.oop.ASTGeneratorTest - Printing file...
2015-10-28 03:03:59,527 - [pool-12-thread-4] DEBUG edu.nyu.oop.JavaASTGenerator - Loading Test003.java
2015-10-28 03:03:59,557 - [pool-12-thread-4] DEBUG e.nyu.oop.util.JavaFiveImportParser - Did not find a directory at /Users/Yougen/translator-syn-tax-collectors/src/main/java/inputs/test003
2015-10-28 03:03:59,558 - [pool-12-thread-4] DEBUG e.nyu.oop.util.JavaFiveImportParser - Loading Test003.java
2015-10-28 03:05:31,353 - [pool-14-thread-2] INFO  edu.nyu.oop.ASTGeneratorTest - Executing JavaPrinterTest with input file: src/test/java/inputs/test003/Test003.java
2015-10-28 03:05:31,357 - [pool-14-thread-2] INFO  edu.nyu.oop.ASTGeneratorTest - Printing file...
2015-10-28 03:05:31,370 - [pool-14-thread-2] DEBUG edu.nyu.oop.JavaASTGenerator - Loading Test003.java
2015-10-28 03:05:31,403 - [pool-14-thread-2] DEBUG e.nyu.oop.util.JavaFiveImportParser - Did not find a directory at /Users/Yougen/translator-syn-tax-collectors/src/main/java/inputs/test003
2015-10-28 03:05:31,404 - [pool-14-thread-2] DEBUG e.nyu.oop.util.JavaFiveImportParser - Loading Test003.java
2015-10-28 03:05:40,530 - [pool-16-thread-1] INFO  edu.nyu.oop.ASTGeneratorTest - Executing JavaPrinterTest with input file: src/test/java/inputs/test004/Test004.java
2015-10-28 03:05:40,539 - [pool-16-thread-1] INFO  edu.nyu.oop.ASTGeneratorTest - Printing file...
2015-10-28 03:05:40,545 - [pool-16-thread-1] DEBUG edu.nyu.oop.JavaASTGenerator - Loading Test004.java
2015-10-28 03:05:40,575 - [pool-16-thread-1] DEBUG e.nyu.oop.util.JavaFiveImportParser - Did not find a directory at /Users/Yougen/translator-syn-tax-collectors/src/main/java/inputs/test004
2015-10-28 03:05:40,575 - [pool-16-thread-1] DEBUG e.nyu.oop.util.JavaFiveImportParser - Loading Test004.java
2015-10-28 03:07:53,564 - [pool-18-thread-1] INFO  edu.nyu.oop.ASTGeneratorTest - Executing JavaPrinterTest with input file: src/test/java/inputs/test020/Test020.java
2015-10-28 03:07:53,571 - [pool-18-thread-1] INFO  edu.nyu.oop.ASTGeneratorTest - Printing file...
2015-10-28 03:07:53,576 - [pool-18-thread-1] DEBUG edu.nyu.oop.JavaASTGenerator - Loading Test020.java
2015-10-28 03:07:53,599 - [pool-18-thread-1] DEBUG e.nyu.oop.util.JavaFiveImportParser - Did not find a directory at /Users/Yougen/translator-syn-tax-collectors/src/main/java/inputs/test020
2015-10-28 03:07:53,601 - [pool-18-thread-1] DEBUG e.nyu.oop.util.JavaFiveImportParser - Loading Test020.java
2015-10-28 03:14:02,737 - [pool-4-thread-6] INFO  edu.nyu.oop.ASTGeneratorTest - Executing JavaPrinterTest with input file: src/test/java/inputs/test019/Test019.java
2015-10-28 03:14:02,745 - [pool-4-thread-6] INFO  edu.nyu.oop.ASTGeneratorTest - Printing file...
2015-10-28 03:14:02,756 - [pool-4-thread-6] DEBUG edu.nyu.oop.JavaASTGenerator - Loading Test019.java
2015-10-28 03:14:02,790 - [pool-4-thread-6] DEBUG e.nyu.oop.util.JavaFiveImportParser - Did not find a directory at /Users/Yougen/translator-syn-tax-collectors/src/main/java/inputs/test019
2015-10-28 03:14:02,791 - [pool-4-thread-6] DEBUG e.nyu.oop.util.JavaFiveImportParser - Loading Test019.java
2015-10-28 03:14:40,492 - [pool-6-thread-4] INFO  edu.nyu.oop.ASTGeneratorTest - Executing JavaPrinterTest with input file: src/test/java/inputs/test007/Test007.java
2015-10-28 03:14:40,497 - [pool-6-thread-4] INFO  edu.nyu.oop.ASTGeneratorTest - Printing file...
2015-10-28 03:14:40,508 - [pool-6-thread-4] DEBUG edu.nyu.oop.JavaASTGenerator - Loading Test007.java
2015-10-28 03:14:40,536 - [pool-6-thread-4] DEBUG e.nyu.oop.util.JavaFiveImportParser - Did not find a directory at /Users/Yougen/translator-syn-tax-collectors/src/main/java/inputs/test007
2015-10-28 03:14:40,537 - [pool-6-thread-4] DEBUG e.nyu.oop.util.JavaFiveImportParser - Loading Test007.java
2015-10-28 03:15:48,683 - [pool-8-thread-2] INFO  edu.nyu.oop.ASTGeneratorTest - Executing JavaPrinterTest with input file: src/test/java/inputs/test007/Test010.java
2015-10-28 03:15:48,688 - [pool-8-thread-2] INFO  edu.nyu.oop.ASTGeneratorTest - Printing file...
2015-10-28 03:16:04,075 - [pool-10-thread-1] INFO  edu.nyu.oop.ASTGeneratorTest - Executing JavaPrinterTest with input file: src/test/java/inputs/test010/Test010.java
2015-10-28 03:16:04,080 - [pool-10-thread-1] INFO  edu.nyu.oop.ASTGeneratorTest - Printing file...
2015-10-28 03:16:04,089 - [pool-10-thread-1] DEBUG edu.nyu.oop.JavaASTGenerator - Loading Test010.java
2015-10-28 03:16:04,125 - [pool-10-thread-1] DEBUG e.nyu.oop.util.JavaFiveImportParser - Did not find a directory at /Users/Yougen/translator-syn-tax-collectors/src/main/java/inputs/test010
2015-10-28 03:16:04,126 - [pool-10-thread-1] DEBUG e.nyu.oop.util.JavaFiveImportParser - Loading Test010.java
2015-10-28 03:33:43,676 - [pool-12-thread-4] INFO  edu.nyu.oop.ASTGeneratorTest - Executing JavaPrinterTest with input file: src/test/java/inputs/test003/Test003.java
2015-10-28 03:33:43,684 - [pool-12-thread-4] INFO  edu.nyu.oop.ASTGeneratorTest - Printing file...
2015-10-28 03:33:43,691 - [pool-12-thread-4] DEBUG edu.nyu.oop.JavaASTGenerator - Loading Test003.java
2015-10-28 03:33:43,728 - [pool-12-thread-4] DEBUG e.nyu.oop.util.JavaFiveImportParser - Did not find a directory at /Users/Yougen/translator-syn-tax-collectors/src/main/java/inputs/test003
2015-10-28 03:33:43,729 - [pool-12-thread-4] DEBUG e.nyu.oop.util.JavaFiveImportParser - Loading Test003.java
2015-10-28 03:50:59,992 - [pool-14-thread-3] INFO  edu.nyu.oop.ASTGeneratorTest - Executing JavaPrinterTest with input file: src/test/java/inputs/test003/Test003.java
2015-10-28 03:50:59,995 - [pool-14-thread-3] INFO  edu.nyu.oop.ASTGeneratorTest - Printing file...
2015-10-28 03:51:00,001 - [pool-14-thread-3] DEBUG edu.nyu.oop.JavaASTGenerator - Loading Test003.java
2015-10-28 03:51:00,025 - [pool-14-thread-3] DEBUG e.nyu.oop.util.JavaFiveImportParser - Did not find a directory at /Users/Yougen/translator-syn-tax-collectors/src/main/java/inputs/test003
2015-10-28 03:51:00,025 - [pool-14-thread-3] DEBUG e.nyu.oop.util.JavaFiveImportParser - Loading Test003.java
2015-10-28 03:51:35,408 - [pool-16-thread-2] INFO  edu.nyu.oop.ASTGeneratorTest - Executing JavaPrinterTest with input file: src/test/java/inputs/test003/Test003.java
2015-10-28 03:51:35,412 - [pool-16-thread-2] INFO  edu.nyu.oop.ASTGeneratorTest - Printing file...
2015-10-28 03:51:35,418 - [pool-16-thread-2] DEBUG edu.nyu.oop.JavaASTGenerator - Loading Test003.java
2015-10-28 03:51:35,438 - [pool-16-thread-2] DEBUG e.nyu.oop.util.JavaFiveImportParser - Did not find a directory at /Users/Yougen/translator-syn-tax-collectors/src/main/java/inputs/test003
2015-10-28 03:51:35,438 - [pool-16-thread-2] DEBUG e.nyu.oop.util.JavaFiveImportParser - Loading Test003.java
2015-10-28 03:56:20,259 - [pool-18-thread-5] INFO  edu.nyu.oop.ASTGeneratorTest - Executing JavaPrinterTest with input file: src/test/java/inputs/test003/Test003.java
2015-10-28 03:56:20,263 - [pool-18-thread-5] INFO  edu.nyu.oop.ASTGeneratorTest - Printing file...
2015-10-28 03:56:20,274 - [pool-18-thread-5] DEBUG edu.nyu.oop.JavaASTGenerator - Loading Test003.java
2015-10-28 03:56:20,301 - [pool-18-thread-5] DEBUG e.nyu.oop.util.JavaFiveImportParser - Did not find a directory at /Users/Yougen/translator-syn-tax-collectors/src/main/java/inputs/test003
2015-10-28 03:56:20,302 - [pool-18-thread-5] DEBUG e.nyu.oop.util.JavaFiveImportParser - Loading Test003.java
2015-10-28 03:59:55,603 - [pool-20-thread-1] INFO  edu.nyu.oop.ASTGeneratorTest - Executing JavaPrinterTest with input file: src/test/java/inputs/test010/Test010.java
2015-10-28 03:59:55,607 - [pool-20-thread-1] INFO  edu.nyu.oop.ASTGeneratorTest - Printing file...
2015-10-28 03:59:55,618 - [pool-20-thread-1] DEBUG edu.nyu.oop.JavaASTGenerator - Loading Test010.java
2015-10-28 03:59:55,651 - [pool-20-thread-1] DEBUG e.nyu.oop.util.JavaFiveImportParser - Did not find a directory at /Users/Yougen/translator-syn-tax-collectors/src/main/java/inputs/test010
2015-10-28 03:59:55,652 - [pool-20-thread-1] DEBUG e.nyu.oop.util.JavaFiveImportParser - Loading Test010.java
2015-10-28 04:06:54,058 - [pool-22-thread-5] INFO  edu.nyu.oop.ASTGeneratorTest - Executing JavaPrinterTest with input file: src/test/java/inputs/test010/Test010.java
2015-10-28 04:06:54,063 - [pool-22-thread-5] INFO  edu.nyu.oop.ASTGeneratorTest - Printing file...
2015-10-28 04:06:54,074 - [pool-22-thread-5] DEBUG edu.nyu.oop.JavaASTGenerator - Loading Test010.java
2015-10-28 04:06:54,110 - [pool-22-thread-5] DEBUG e.nyu.oop.util.JavaFiveImportParser - Did not find a directory at /Users/Yougen/translator-syn-tax-collectors/src/main/java/inputs/test010
2015-10-28 04:06:54,110 - [pool-22-thread-5] DEBUG e.nyu.oop.util.JavaFiveImportParser - Loading Test010.java
2015-10-28 04:08:59,275 - [pool-24-thread-4] INFO  edu.nyu.oop.ASTGeneratorTest - Executing JavaPrinterTest with input file: src/test/java/inputs/test010/Test010.java
2015-10-28 04:08:59,278 - [pool-24-thread-4] INFO  edu.nyu.oop.ASTGeneratorTest - Printing file...
2015-10-28 04:08:59,289 - [pool-24-thread-4] DEBUG edu.nyu.oop.JavaASTGenerator - Loading Test010.java
2015-10-28 04:08:59,323 - [pool-24-thread-4] DEBUG e.nyu.oop.util.JavaFiveImportParser - Did not find a directory at /Users/Yougen/translator-syn-tax-collectors/src/main/java/inputs/test010
2015-10-28 04:08:59,323 - [pool-24-thread-4] DEBUG e.nyu.oop.util.JavaFiveImportParser - Loading Test010.java
2015-10-28 04:09:51,050 - [pool-26-thread-3] INFO  edu.nyu.oop.ASTGeneratorTest - Executing JavaPrinterTest with input file: src/test/java/inputs/test010/Test010.java
2015-10-28 04:09:51,053 - [pool-26-thread-3] INFO  edu.nyu.oop.ASTGeneratorTest - Printing file...
2015-10-28 04:09:51,063 - [pool-26-thread-3] DEBUG edu.nyu.oop.JavaASTGenerator - Loading Test010.java
2015-10-28 04:09:51,088 - [pool-26-thread-3] DEBUG e.nyu.oop.util.JavaFiveImportParser - Did not find a directory at /Users/Yougen/translator-syn-tax-collectors/src/main/java/inputs/test010
2015-10-28 04:09:51,089 - [pool-26-thread-3] DEBUG e.nyu.oop.util.JavaFiveImportParser - Loading Test010.java
2015-10-28 04:11:31,740 - [pool-28-thread-4] INFO  edu.nyu.oop.ASTGeneratorTest - Executing JavaPrinterTest with input file: src/test/java/inputs/test010/Test010.java
2015-10-28 04:11:31,749 - [pool-28-thread-4] INFO  edu.nyu.oop.ASTGeneratorTest - Printing file...
2015-10-28 04:11:31,755 - [pool-28-thread-4] DEBUG edu.nyu.oop.JavaASTGenerator - Loading Test010.java
2015-10-28 04:11:31,787 - [pool-28-thread-4] DEBUG e.nyu.oop.util.JavaFiveImportParser - Did not find a directory at /Users/Yougen/translator-syn-tax-collectors/src/main/java/inputs/test010
2015-10-28 04:11:31,787 - [pool-28-thread-4] DEBUG e.nyu.oop.util.JavaFiveImportParser - Loading Test010.java
2015-10-28 04:12:25,265 - [pool-30-thread-1] INFO  edu.nyu.oop.ASTGeneratorTest - Executing JavaPrinterTest with input file: src/test/java/inputs/test010/Test010.java
2015-10-28 04:12:25,272 - [pool-30-thread-1] INFO  edu.nyu.oop.ASTGeneratorTest - Printing file...
2015-10-28 04:12:25,277 - [pool-30-thread-1] DEBUG edu.nyu.oop.JavaASTGenerator - Loading Test010.java
2015-10-28 04:12:25,306 - [pool-30-thread-1] DEBUG e.nyu.oop.util.JavaFiveImportParser - Did not find a directory at /Users/Yougen/translator-syn-tax-collectors/src/main/java/inputs/test010
2015-10-28 04:12:25,306 - [pool-30-thread-1] DEBUG e.nyu.oop.util.JavaFiveImportParser - Loading Test010.java
2015-10-28 04:21:59,181 - [pool-33-thread-5] INFO  edu.nyu.oop.ASTGeneratorTest - Executing JavaPrinterTest with input file: src/test/java/inputs/test010/Test010.java
2015-10-28 04:21:59,184 - [pool-33-thread-5] INFO  edu.nyu.oop.ASTGeneratorTest - Printing file...
2015-10-28 04:21:59,195 - [pool-33-thread-5] DEBUG edu.nyu.oop.JavaASTGenerator - Loading Test010.java
2015-10-28 04:21:59,227 - [pool-33-thread-5] DEBUG e.nyu.oop.util.JavaFiveImportParser - Did not find a directory at /Users/Yougen/translator-syn-tax-collectors/src/main/java/inputs/test010
2015-10-28 04:21:59,228 - [pool-33-thread-5] DEBUG e.nyu.oop.util.JavaFiveImportParser - Loading Test010.java
2015-10-28 04:25:22,985 - [pool-4-thread-3] INFO  edu.nyu.oop.ASTGeneratorTest - Executing JavaPrinterTest with input file: src/test/java/inputs/test010/Test010.java
2015-10-28 04:25:22,990 - [pool-4-thread-3] INFO  edu.nyu.oop.ASTGeneratorTest - Printing file...
2015-10-28 04:25:22,997 - [pool-4-thread-3] DEBUG edu.nyu.oop.JavaASTGenerator - Loading Test010.java
2015-10-28 04:25:23,032 - [pool-4-thread-3] DEBUG e.nyu.oop.util.JavaFiveImportParser - Did not find a directory at /Users/Yougen/translator-syn-tax-collectors/src/main/java/inputs/test010
2015-10-28 04:25:23,033 - [pool-4-thread-3] DEBUG e.nyu.oop.util.JavaFiveImportParser - Loading Test010.java
2015-10-28 04:38:00,928 - [pool-6-thread-6] INFO  edu.nyu.oop.ASTGeneratorTest - Executing JavaPrinterTest with input file: src/test/java/inputs/test010/Test010.java
2015-10-28 04:38:00,932 - [pool-6-thread-6] INFO  edu.nyu.oop.ASTGeneratorTest - Printing file...
2015-10-28 04:38:00,938 - [pool-6-thread-6] DEBUG edu.nyu.oop.JavaASTGenerator - Loading Test010.java
2015-10-28 04:38:00,969 - [pool-6-thread-6] DEBUG e.nyu.oop.util.JavaFiveImportParser - Did not find a directory at /Users/Yougen/translator-syn-tax-collectors/src/main/java/inputs/test010
2015-10-28 04:38:00,971 - [pool-6-thread-6] DEBUG e.nyu.oop.util.JavaFiveImportParser - Loading Test010.java
2015-10-28 04:43:07,019 - [pool-9-thread-3] INFO  edu.nyu.oop.ASTGeneratorTest - Executing JavaPrinterTest with input file: src/test/java/inputs/test010/Test010.java
2015-10-28 04:43:07,026 - [pool-9-thread-3] INFO  edu.nyu.oop.ASTGeneratorTest - Printing file...
2015-10-28 04:43:07,030 - [pool-9-thread-3] DEBUG edu.nyu.oop.JavaASTGenerator - Loading Test010.java
2015-10-28 04:43:07,056 - [pool-9-thread-3] DEBUG e.nyu.oop.util.JavaFiveImportParser - Did not find a directory at /Users/Yougen/translator-syn-tax-collectors/src/main/java/inputs/test010
2015-10-28 04:43:07,057 - [pool-9-thread-3] DEBUG e.nyu.oop.util.JavaFiveImportParser - Loading Test010.java
2015-10-28 04:43:37,337 - [pool-4-thread-4] INFO  edu.nyu.oop.ASTGeneratorTest - Executing JavaPrinterTest with input file: src/test/java/inputs/test010/Test010.java
2015-10-28 04:43:37,345 - [pool-4-thread-4] INFO  edu.nyu.oop.ASTGeneratorTest - Printing file...
2015-10-28 04:43:37,348 - [pool-4-thread-4] DEBUG edu.nyu.oop.JavaASTGenerator - Loading Test010.java
2015-10-28 04:43:37,378 - [pool-4-thread-4] DEBUG e.nyu.oop.util.JavaFiveImportParser - Did not find a directory at /Users/Yougen/translator-syn-tax-collectors/src/main/java/inputs/test010
2015-10-28 04:43:37,379 - [pool-4-thread-4] DEBUG e.nyu.oop.util.JavaFiveImportParser - Loading Test010.java
2015-10-28 04:48:23,208 - [pool-6-thread-4] INFO  edu.nyu.oop.ASTGeneratorTest - Executing JavaPrinterTest with input file: src/test/java/inputs/test010/Test010.java
2015-10-28 04:48:23,212 - [pool-6-thread-4] INFO  edu.nyu.oop.ASTGeneratorTest - Printing file...
2015-10-28 04:48:23,220 - [pool-6-thread-4] DEBUG edu.nyu.oop.JavaASTGenerator - Loading Test010.java
2015-10-28 04:48:23,256 - [pool-6-thread-4] DEBUG e.nyu.oop.util.JavaFiveImportParser - Did not find a directory at /Users/Yougen/translator-syn-tax-collectors/src/main/java/inputs/test010
2015-10-28 04:48:23,256 - [pool-6-thread-4] DEBUG e.nyu.oop.util.JavaFiveImportParser - Loading Test010.java
2015-10-28 04:49:02,406 - [pool-9-thread-2] INFO  edu.nyu.oop.ASTGeneratorTest - Executing JavaPrinterTest with input file: src/test/java/inputs/test010/Test010.java
2015-10-28 04:49:02,410 - [pool-9-thread-2] INFO  edu.nyu.oop.ASTGeneratorTest - Printing file...
2015-10-28 04:49:02,415 - [pool-9-thread-2] DEBUG edu.nyu.oop.JavaASTGenerator - Loading Test010.java
2015-10-28 04:49:02,443 - [pool-9-thread-2] DEBUG e.nyu.oop.util.JavaFiveImportParser - Did not find a directory at /Users/Yougen/translator-syn-tax-collectors/src/main/java/inputs/test010
2015-10-28 04:49:02,444 - [pool-9-thread-2] DEBUG e.nyu.oop.util.JavaFiveImportParser - Loading Test010.java
2015-10-28 04:50:21,925 - [pool-11-thread-2] INFO  edu.nyu.oop.ASTGeneratorTest - Executing JavaPrinterTest with input file: src/test/java/inputs/test003/Test003.java
2015-10-28 04:50:21,935 - [pool-11-thread-2] INFO  edu.nyu.oop.ASTGeneratorTest - Printing file...
2015-10-28 04:50:21,939 - [pool-11-thread-2] DEBUG edu.nyu.oop.JavaASTGenerator - Loading Test003.java
2015-10-28 04:50:21,967 - [pool-11-thread-2] DEBUG e.nyu.oop.util.JavaFiveImportParser - Did not find a directory at /Users/Yougen/translator-syn-tax-collectors/src/main/java/inputs/test003
2015-10-28 04:50:21,968 - [pool-11-thread-2] DEBUG e.nyu.oop.util.JavaFiveImportParser - Loading Test003.java
2015-10-28 04:54:47,636 - [pool-13-thread-1] INFO  edu.nyu.oop.ASTGeneratorTest - Executing JavaPrinterTest with input file: src/test/java/inputs/test010/Test010.java
2015-10-28 04:54:47,640 - [pool-13-thread-1] INFO  edu.nyu.oop.ASTGeneratorTest - Printing file...
2015-10-28 04:54:47,650 - [pool-13-thread-1] DEBUG edu.nyu.oop.JavaASTGenerator - Loading Test010.java
2015-10-28 04:54:47,683 - [pool-13-thread-1] DEBUG e.nyu.oop.util.JavaFiveImportParser - Did not find a directory at /Users/Yougen/translator-syn-tax-collectors/src/main/java/inputs/test010
2015-10-28 04:54:47,683 - [pool-13-thread-1] DEBUG e.nyu.oop.util.JavaFiveImportParser - Loading Test010.java
2015-10-28 04:55:53,403 - [pool-15-thread-3] INFO  edu.nyu.oop.ASTGeneratorTest - Executing JavaPrinterTest with input file: src/test/java/inputs/test010/Test010.java
2015-10-28 04:55:53,410 - [pool-15-thread-3] INFO  edu.nyu.oop.ASTGeneratorTest - Printing file...
2015-10-28 04:55:53,415 - [pool-15-thread-3] DEBUG edu.nyu.oop.JavaASTGenerator - Loading Test010.java
2015-10-28 04:55:53,438 - [pool-15-thread-3] DEBUG e.nyu.oop.util.JavaFiveImportParser - Did not find a directory at /Users/Yougen/translator-syn-tax-collectors/src/main/java/inputs/test010
2015-10-28 04:55:53,438 - [pool-15-thread-3] DEBUG e.nyu.oop.util.JavaFiveImportParser - Loading Test010.java
2015-10-28 04:56:16,225 - [pool-17-thread-2] INFO  edu.nyu.oop.ASTGeneratorTest - Executing JavaPrinterTest with input file: src/test/java/inputs/test010/Test010.java
2015-10-28 04:56:16,229 - [pool-17-thread-2] INFO  edu.nyu.oop.ASTGeneratorTest - Printing file...
2015-10-28 04:56:16,232 - [pool-17-thread-2] DEBUG edu.nyu.oop.JavaASTGenerator - Loading Test010.java
2015-10-28 04:56:16,262 - [pool-17-thread-2] DEBUG e.nyu.oop.util.JavaFiveImportParser - Did not find a directory at /Users/Yougen/translator-syn-tax-collectors/src/main/java/inputs/test010
2015-10-28 04:56:16,262 - [pool-17-thread-2] DEBUG e.nyu.oop.util.JavaFiveImportParser - Loading Test010.java
2015-10-28 04:57:21,312 - [pool-20-thread-4] INFO  edu.nyu.oop.ASTGeneratorTest - Executing JavaPrinterTest with input file: src/test/java/inputs/test010/Test010.java
2015-10-28 04:57:21,316 - [pool-20-thread-4] INFO  edu.nyu.oop.ASTGeneratorTest - Printing file...
2015-10-28 04:57:21,323 - [pool-20-thread-4] DEBUG edu.nyu.oop.JavaASTGenerator - Loading Test010.java
2015-10-28 04:57:21,346 - [pool-20-thread-4] DEBUG e.nyu.oop.util.JavaFiveImportParser - Did not find a directory at /Users/Yougen/translator-syn-tax-collectors/src/main/java/inputs/test010
2015-10-28 04:57:21,346 - [pool-20-thread-4] DEBUG e.nyu.oop.util.JavaFiveImportParser - Loading Test010.java
2015-10-28 04:59:18,451 - [pool-22-thread-4] INFO  edu.nyu.oop.ASTGeneratorTest - Executing JavaPrinterTest with input file: src/test/java/inputs/test010/Test010.java
2015-10-28 04:59:18,454 - [pool-22-thread-4] INFO  edu.nyu.oop.ASTGeneratorTest - Printing file...
2015-10-28 04:59:18,459 - [pool-22-thread-4] DEBUG edu.nyu.oop.JavaASTGenerator - Loading Test010.java
2015-10-28 04:59:18,485 - [pool-22-thread-4] DEBUG e.nyu.oop.util.JavaFiveImportParser - Did not find a directory at /Users/Yougen/translator-syn-tax-collectors/src/main/java/inputs/test010
2015-10-28 04:59:18,485 - [pool-22-thread-4] DEBUG e.nyu.oop.util.JavaFiveImportParser - Loading Test010.java
2015-10-28 05:01:27,169 - [pool-24-thread-1] INFO  edu.nyu.oop.ASTGeneratorTest - Executing JavaPrinterTest with input file: src/test/java/inputs/test010/Test010.java
2015-10-28 05:01:27,172 - [pool-24-thread-1] INFO  edu.nyu.oop.ASTGeneratorTest - Printing file...
2015-10-28 05:01:27,180 - [pool-24-thread-1] DEBUG edu.nyu.oop.JavaASTGenerator - Loading Test010.java
2015-10-28 05:01:27,204 - [pool-24-thread-1] DEBUG e.nyu.oop.util.JavaFiveImportParser - Did not find a directory at /Users/Yougen/translator-syn-tax-collectors/src/main/java/inputs/test010
2015-10-28 05:01:27,204 - [pool-24-thread-1] DEBUG e.nyu.oop.util.JavaFiveImportParser - Loading Test010.java
2015-10-28 05:01:43,448 - [pool-26-thread-4] INFO  edu.nyu.oop.ASTGeneratorTest - Executing JavaPrinterTest with input file: src/test/java/inputs/test010/Test010.java
2015-10-28 05:01:43,457 - [pool-26-thread-4] INFO  edu.nyu.oop.ASTGeneratorTest - Printing file...
2015-10-28 05:01:43,460 - [pool-26-thread-4] DEBUG edu.nyu.oop.JavaASTGenerator - Loading Test010.java
2015-10-28 05:01:43,489 - [pool-26-thread-4] DEBUG e.nyu.oop.util.JavaFiveImportParser - Did not find a directory at /Users/Yougen/translator-syn-tax-collectors/src/main/java/inputs/test010
2015-10-28 05:01:43,490 - [pool-26-thread-4] DEBUG e.nyu.oop.util.JavaFiveImportParser - Loading Test010.java
2015-10-28 05:02:12,988 - [pool-28-thread-1] INFO  edu.nyu.oop.ASTGeneratorTest - Executing JavaPrinterTest with input file: src/test/java/inputs/test010/Test010.java
2015-10-28 05:02:12,992 - [pool-28-thread-1] INFO  edu.nyu.oop.ASTGeneratorTest - Printing file...
2015-10-28 05:02:12,996 - [pool-28-thread-1] DEBUG edu.nyu.oop.JavaASTGenerator - Loading Test010.java
2015-10-28 05:02:13,028 - [pool-28-thread-1] DEBUG e.nyu.oop.util.JavaFiveImportParser - Did not find a directory at /Users/Yougen/translator-syn-tax-collectors/src/main/java/inputs/test010
2015-10-28 05:02:13,028 - [pool-28-thread-1] DEBUG e.nyu.oop.util.JavaFiveImportParser - Loading Test010.java
2015-10-28 05:03:21,859 - [pool-30-thread-5] INFO  edu.nyu.oop.ASTGeneratorTest - Executing JavaPrinterTest with input file: src/test/java/inputs/test010/Test010.java
2015-10-28 05:03:21,863 - [pool-30-thread-5] INFO  edu.nyu.oop.ASTGeneratorTest - Printing file...
2015-10-28 05:03:21,871 - [pool-30-thread-5] DEBUG edu.nyu.oop.JavaASTGenerator - Loading Test010.java
2015-10-28 05:03:21,902 - [pool-30-thread-5] DEBUG e.nyu.oop.util.JavaFiveImportParser - Did not find a directory at /Users/Yougen/translator-syn-tax-collectors/src/main/java/inputs/test010
2015-10-28 05:03:21,905 - [pool-30-thread-5] DEBUG e.nyu.oop.util.JavaFiveImportParser - Loading Test010.java
2015-10-28 05:04:08,443 - [pool-32-thread-1] INFO  edu.nyu.oop.ASTGeneratorTest - Executing JavaPrinterTest with input file: src/test/java/inputs/test010/Test010.java
2015-10-28 05:04:08,448 - [pool-32-thread-1] INFO  edu.nyu.oop.ASTGeneratorTest - Printing file...
2015-10-28 05:04:08,451 - [pool-32-thread-1] DEBUG edu.nyu.oop.JavaASTGenerator - Loading Test010.java
2015-10-28 05:04:08,484 - [pool-32-thread-1] DEBUG e.nyu.oop.util.JavaFiveImportParser - Did not find a directory at /Users/Yougen/translator-syn-tax-collectors/src/main/java/inputs/test010
2015-10-28 05:04:08,485 - [pool-32-thread-1] DEBUG e.nyu.oop.util.JavaFiveImportParser - Loading Test010.java
2015-10-28 05:05:17,353 - [pool-34-thread-1] INFO  edu.nyu.oop.ASTGeneratorTest - Executing JavaPrinterTest with input file: src/test/java/inputs/test010/Test010.java
2015-10-28 05:05:17,359 - [pool-34-thread-1] INFO  edu.nyu.oop.ASTGeneratorTest - Printing file...
2015-10-28 05:05:17,364 - [pool-34-thread-1] DEBUG edu.nyu.oop.JavaASTGenerator - Loading Test010.java
2015-10-28 05:05:17,391 - [pool-34-thread-1] DEBUG e.nyu.oop.util.JavaFiveImportParser - Did not find a directory at /Users/Yougen/translator-syn-tax-collectors/src/main/java/inputs/test010
2015-10-28 05:05:17,394 - [pool-34-thread-1] DEBUG e.nyu.oop.util.JavaFiveImportParser - Loading Test010.java
2015-10-28 05:07:43,440 - [pool-36-thread-1] INFO  edu.nyu.oop.ASTGeneratorTest - Executing JavaPrinterTest with input file: src/test/java/inputs/test003/Test003.java
2015-10-28 05:07:43,443 - [pool-36-thread-1] INFO  edu.nyu.oop.ASTGeneratorTest - Printing file...
2015-10-28 05:07:43,447 - [pool-36-thread-1] DEBUG edu.nyu.oop.JavaASTGenerator - Loading Test003.java
2015-10-28 05:07:43,465 - [pool-36-thread-1] DEBUG e.nyu.oop.util.JavaFiveImportParser - Did not find a directory at /Users/Yougen/translator-syn-tax-collectors/src/main/java/inputs/test003
2015-10-28 05:07:43,466 - [pool-36-thread-1] DEBUG e.nyu.oop.util.JavaFiveImportParser - Loading Test003.java
2015-10-28 05:08:20,873 - [pool-38-thread-3] INFO  edu.nyu.oop.ASTGeneratorTest - Executing JavaPrinterTest with input file: src/test/java/inputs/test001/Test001.java
2015-10-28 05:08:20,876 - [pool-38-thread-3] INFO  edu.nyu.oop.ASTGeneratorTest - Printing file...
2015-10-28 05:08:20,879 - [pool-38-thread-3] DEBUG edu.nyu.oop.JavaASTGenerator - Loading Test001.java
2015-10-28 05:08:20,894 - [pool-38-thread-3] DEBUG e.nyu.oop.util.JavaFiveImportParser - Did not find a directory at /Users/Yougen/translator-syn-tax-collectors/src/main/java/inputs/test001
2015-10-28 05:08:20,895 - [pool-38-thread-3] DEBUG e.nyu.oop.util.JavaFiveImportParser - Loading Test001.java
2015-10-28 13:05:03,717 - [pool-4-thread-1] INFO  edu.nyu.oop.ASTGeneratorTest - Executing JavaPrinterTest with input file: src/test/java/inputs/test010/Test010.java
2015-10-28 13:05:03,720 - [pool-4-thread-1] INFO  edu.nyu.oop.ASTGeneratorTest - Printing file...
2015-10-28 13:05:03,724 - [pool-4-thread-1] DEBUG edu.nyu.oop.JavaASTGenerator - Loading Test010.java
2015-10-28 13:05:03,743 - [pool-4-thread-1] DEBUG e.nyu.oop.util.JavaFiveImportParser - Did not find a directory at /Users/Yougen/translator-syn-tax-collectors/src/main/java/inputs/test010
2015-10-28 13:05:03,743 - [pool-4-thread-1] DEBUG e.nyu.oop.util.JavaFiveImportParser - Loading Test010.java
2015-10-28 13:45:00,851 - [pool-4-thread-3] INFO  edu.nyu.oop.ASTGeneratorTest - Executing JavaPrinterTest with input file: src/test/java/inputs/test007/Test007.java
2015-10-28 13:45:00,855 - [pool-4-thread-3] INFO  edu.nyu.oop.ASTGeneratorTest - Printing file...
2015-10-28 13:45:00,858 - [pool-4-thread-3] DEBUG edu.nyu.oop.JavaASTGenerator - Loading Test007.java
2015-10-28 13:45:00,876 - [pool-4-thread-3] DEBUG e.nyu.oop.util.JavaFiveImportParser - Did not find a directory at /Users/Yougen/translator-syn-tax-collectors/src/main/java/inputs/test007
2015-10-28 13:45:00,877 - [pool-4-thread-3] DEBUG e.nyu.oop.util.JavaFiveImportParser - Loading Test007.java
2015-10-28 13:45:29,286 - [pool-6-thread-1] INFO  edu.nyu.oop.ASTGeneratorTest - Executing JavaPrinterTest with input file: src/test/java/inputs/test010/Test010.java
2015-10-28 13:45:29,290 - [pool-6-thread-1] INFO  edu.nyu.oop.ASTGeneratorTest - Printing file...
2015-10-28 13:45:29,293 - [pool-6-thread-1] DEBUG edu.nyu.oop.JavaASTGenerator - Loading Test010.java
2015-10-28 13:45:29,315 - [pool-6-thread-1] DEBUG e.nyu.oop.util.JavaFiveImportParser - Did not find a directory at /Users/Yougen/translator-syn-tax-collectors/src/main/java/inputs/test010
2015-10-28 13:45:29,316 - [pool-6-thread-1] DEBUG e.nyu.oop.util.JavaFiveImportParser - Loading Test010.java
2015-10-28 13:46:51,036 - [pool-4-thread-4] INFO  edu.nyu.oop.ASTGeneratorTest - Executing JavaPrinterTest with input file: src/test/java/inputs/test010/Test010.java
2015-10-28 13:46:51,040 - [pool-4-thread-4] INFO  edu.nyu.oop.ASTGeneratorTest - Printing file...
2015-10-28 13:46:51,043 - [pool-4-thread-4] DEBUG edu.nyu.oop.JavaASTGenerator - Loading Test010.java
2015-10-28 13:46:51,064 - [pool-4-thread-4] DEBUG e.nyu.oop.util.JavaFiveImportParser - Did not find a directory at /Users/Yougen/translator-syn-tax-collectors/src/main/java/inputs/test010
2015-10-28 13:46:51,064 - [pool-4-thread-4] DEBUG e.nyu.oop.util.JavaFiveImportParser - Loading Test010.java
2015-10-28 13:51:12,484 - [pool-4-thread-1] INFO  edu.nyu.oop.ASTGeneratorTest - Executing JavaPrinterTest with input file: src/test/java/inputs/test007/Test007.java
2015-10-28 13:51:12,489 - [pool-4-thread-1] INFO  edu.nyu.oop.ASTGeneratorTest - Printing file...
2015-10-28 13:51:12,493 - [pool-4-thread-1] DEBUG edu.nyu.oop.JavaASTGenerator - Loading Test007.java
2015-10-28 13:51:12,513 - [pool-4-thread-1] DEBUG e.nyu.oop.util.JavaFiveImportParser - Did not find a directory at /Users/Yougen/translator-syn-tax-collectors/src/main/java/inputs/test007
2015-10-28 13:51:12,513 - [pool-4-thread-1] DEBUG e.nyu.oop.util.JavaFiveImportParser - Loading Test007.java
2015-11-02 16:28:54,359 - [pool-5-thread-3] DEBUG edu.nyu.oop.SourceParser - Loading Test007.java
2015-11-02 16:28:54,386 - [pool-5-thread-3] INFO  e.n.oop.CppImplementationPrinterTest - Executing JavaPrinterTest with input file: src/test/java/inputs/test007/Test007.java
2015-11-02 16:28:54,388 - [pool-5-thread-3] INFO  e.n.oop.CppImplementationPrinterTest - Printing file...
2015-11-02 16:28:54,395 - [pool-5-thread-3] DEBUG e.nyu.oop.util.JavaFiveImportParser - Did not find a directory at /Users/Yougen/translator-syn-tax-collectors/src/main/java/inputs/test007
2015-11-02 16:28:54,395 - [pool-5-thread-3] DEBUG e.nyu.oop.util.JavaFiveImportParser - Loading Test007.java
2015-11-02 16:32:50,959 - [pool-4-thread-2] DEBUG edu.nyu.oop.SourceParser - Loading Test010.java
2015-11-02 16:32:50,980 - [pool-4-thread-2] INFO  e.n.oop.CppImplementationPrinterTest - Executing JavaPrinterTest with input file: src/test/java/inputs/test010/Test010.java
2015-11-02 16:32:50,982 - [pool-4-thread-2] INFO  e.n.oop.CppImplementationPrinterTest - Printing file...
2015-11-02 16:32:50,988 - [pool-4-thread-2] DEBUG e.nyu.oop.util.JavaFiveImportParser - Did not find a directory at /Users/Yougen/translator-syn-tax-collectors/src/main/java/inputs/test010
2015-11-02 16:32:50,988 - [pool-4-thread-2] DEBUG e.nyu.oop.util.JavaFiveImportParser - Loading Test010.java
2015-12-02 18:27:05,409 - [pool-5-thread-1] DEBUG edu.nyu.oop.SymbolTableTest - Executing SymbolTableTest
2015-12-02 18:44:36,369 - [pool-12-thread-1] DEBUG edu.nyu.oop.SymbolTableTest - Executing SymbolTableTest
2015-12-07 14:30:50,922 - [pool-4-thread-1] DEBUG edu.nyu.oop.SymbolTableTest - Executing SymbolTableTest
2015-12-07 14:44:18,133 - [pool-8-thread-1] DEBUG edu.nyu.oop.SymbolTableTest - Executing SymbolTableTest
2015-12-07 14:46:24,965 - [pool-10-thread-1] DEBUG edu.nyu.oop.SymbolTableTest - Executing SymbolTableTest
2015-12-07 14:52:17,423 - [pool-12-thread-2] DEBUG edu.nyu.oop.SymbolTableTest - Executing SymbolTableTest
2015-12-07 14:54:28,139 - [pool-14-thread-5] DEBUG edu.nyu.oop.SymbolTableTest - Executing SymbolTableTest
2015-12-07 14:54:49,555 - [pool-16-thread-2] DEBUG edu.nyu.oop.SymbolTableTest - Executing SymbolTableTest
2015-12-07 14:56:13,314 - [pool-4-thread-1] DEBUG edu.nyu.oop.SymbolTableTest - Executing SymbolTableTest
2015-12-07 14:56:50,538 - [pool-6-thread-1] DEBUG edu.nyu.oop.SymbolTableTest - Executing SymbolTableTest
2015-12-07 14:56:50,630 - [pool-6-thread-1] WARN  edu.nyu.oop.util.SymbolTableUtil - Node CompilationUnit not marked by SymbolTableBuilderXtc
2015-12-07 14:56:50,631 - [pool-6-thread-1] WARN  edu.nyu.oop.util.SymbolTableUtil - Node ClassDeclaration not marked by SymbolTableBuilderXtc
2015-12-07 14:56:50,632 - [pool-6-thread-1] WARN  edu.nyu.oop.util.SymbolTableUtil - Node MethodDeclaration not marked by SymbolTableBuilderXtc
2015-12-07 14:57:29,932 - [pool-8-thread-5] DEBUG edu.nyu.oop.SymbolTableTest - Executing SymbolTableTest
2015-12-07 14:58:06,507 - [pool-4-thread-3] DEBUG edu.nyu.oop.SymbolTableTest - Executing SymbolTableTest
2015-12-07 15:07:49,915 - [pool-6-thread-2] DEBUG edu.nyu.oop.SymbolTableTest - Executing SymbolTableTest
2015-12-07 16:30:24,109 - [pool-8-thread-2] DEBUG edu.nyu.oop.SymbolTableTest - Executing SymbolTableTest
2015-12-07 17:25:52,688 - [pool-4-thread-1] DEBUG edu.nyu.oop.SymbolTableTest - Executing SymbolTableTest
2015-12-07 17:29:03,520 - [pool-6-thread-2] DEBUG edu.nyu.oop.SymbolTableTest - Executing SymbolTableTest
2015-12-07 17:29:25,087 - [pool-8-thread-5] DEBUG edu.nyu.oop.SymbolTableTest - Executing SymbolTableTest
2015-12-07 17:29:47,104 - [pool-10-thread-3] DEBUG edu.nyu.oop.SymbolTableTest - Executing SymbolTableTest
2015-12-07 17:29:59,882 - [pool-12-thread-2] DEBUG edu.nyu.oop.SymbolTableTest - Executing SymbolTableTest
2015-12-07 17:30:43,454 - [pool-14-thread-4] DEBUG edu.nyu.oop.SymbolTableTest - Executing SymbolTableTest
2015-12-07 17:30:43,515 - [pool-14-thread-4] WARN  edu.nyu.oop.util.SymbolTableUtil - Node CompilationUnit not marked by SymbolTableBuilderXtc
2015-12-07 17:30:43,516 - [pool-14-thread-4] WARN  edu.nyu.oop.util.SymbolTableUtil - Node ClassDeclaration not marked by SymbolTableBuilderXtc
2015-12-07 17:30:43,516 - [pool-14-thread-4] WARN  edu.nyu.oop.util.SymbolTableUtil - Node MethodDeclaration not marked by SymbolTableBuilderXtc
2015-12-07 17:31:06,974 - [pool-16-thread-2] DEBUG edu.nyu.oop.SymbolTableTest - Executing SymbolTableTest
2015-12-07 17:31:07,041 - [pool-16-thread-2] WARN  edu.nyu.oop.util.SymbolTableUtil - Node CompilationUnit not marked by SymbolTableBuilderXtc
2015-12-07 17:31:07,041 - [pool-16-thread-2] WARN  edu.nyu.oop.util.SymbolTableUtil - Node ClassDeclaration not marked by SymbolTableBuilderXtc
2015-12-07 17:31:07,042 - [pool-16-thread-2] WARN  edu.nyu.oop.util.SymbolTableUtil - Node MethodDeclaration not marked by SymbolTableBuilderXtc
2015-12-07 17:31:29,075 - [pool-18-thread-2] DEBUG edu.nyu.oop.SymbolTableTest - Executing SymbolTableTest
2015-12-07 17:31:49,906 - [pool-20-thread-1] DEBUG edu.nyu.oop.SymbolTableTest - Executing SymbolTableTest
2015-12-07 17:31:49,973 - [pool-20-thread-1] WARN  edu.nyu.oop.util.SymbolTableUtil - Node CompilationUnit not marked by SymbolTableBuilderXtc
2015-12-07 17:31:49,974 - [pool-20-thread-1] WARN  edu.nyu.oop.util.SymbolTableUtil - Node ClassDeclaration not marked by SymbolTableBuilderXtc
2015-12-07 17:31:49,974 - [pool-20-thread-1] WARN  edu.nyu.oop.util.SymbolTableUtil - Node MethodDeclaration not marked by SymbolTableBuilderXtc
2015-12-07 17:31:56,835 - [pool-22-thread-2] DEBUG edu.nyu.oop.SymbolTableTest - Executing SymbolTableTest
2015-12-07 17:34:00,205 - [pool-24-thread-2] DEBUG edu.nyu.oop.SymbolTableTest - Executing SymbolTableTest
2015-12-09 00:44:18,571 - [pool-4-thread-1] DEBUG edu.nyu.oop.SymbolTableTest - Executing SymbolTableTest
2015-12-09 00:44:18,647 - [pool-4-thread-1] WARN  edu.nyu.oop.util.SymbolTableUtil - Node ClassBody not marked by SymbolTableBuilderXtc
2015-12-09 00:44:18,868 - [pool-4-thread-1] WARN  edu.nyu.oop.util.SymbolTableUtil - Node PackageDeclaration not marked by SymbolTableBuilderXtc
2015-12-09 00:44:18,869 - [pool-4-thread-1] WARN  edu.nyu.oop.util.SymbolTableUtil - Node Block not marked by SymbolTableBuilderXtc
2015-12-09 00:44:18,869 - [pool-4-thread-1] WARN  edu.nyu.oop.util.SymbolTableUtil - Node Block not marked by SymbolTableBuilderXtc
2015-12-09 00:44:18,870 - [pool-4-thread-1] WARN  edu.nyu.oop.util.SymbolTableUtil - Node Block not marked by SymbolTableBuilderXtc
2015-12-09 00:44:18,870 - [pool-4-thread-1] WARN  edu.nyu.oop.util.SymbolTableUtil - Node Block not marked by SymbolTableBuilderXtc
2015-12-09 00:44:18,870 - [pool-4-thread-1] WARN  edu.nyu.oop.util.SymbolTableUtil - Node Block not marked by SymbolTableBuilderXtc
2015-12-09 00:44:18,979 - [pool-4-thread-1] WARN  edu.nyu.oop.util.SymbolTableUtil - Node PackageDeclaration not marked by SymbolTableBuilderXtc
2015-12-09 00:44:18,979 - [pool-4-thread-1] WARN  edu.nyu.oop.util.SymbolTableUtil - Node Block not marked by SymbolTableBuilderXtc
2015-12-09 00:44:18,980 - [pool-4-thread-1] WARN  edu.nyu.oop.util.SymbolTableUtil - Node Block not marked by SymbolTableBuilderXtc
2015-12-09 00:45:49,724 - [pool-6-thread-2] DEBUG edu.nyu.oop.SymbolTableTest - Executing SymbolTableTest
2015-12-09 00:45:49,782 - [pool-6-thread-2] WARN  edu.nyu.oop.util.SymbolTableUtil - Node ClassBody not marked by SymbolTableBuilderXtc
2015-12-09 00:45:49,996 - [pool-6-thread-2] WARN  edu.nyu.oop.util.SymbolTableUtil - Node PackageDeclaration not marked by SymbolTableBuilderXtc
2015-12-09 00:45:49,996 - [pool-6-thread-2] WARN  edu.nyu.oop.util.SymbolTableUtil - Node Block not marked by SymbolTableBuilderXtc
2015-12-09 00:45:49,997 - [pool-6-thread-2] WARN  edu.nyu.oop.util.SymbolTableUtil - Node Block not marked by SymbolTableBuilderXtc
2015-12-09 00:45:49,997 - [pool-6-thread-2] WARN  edu.nyu.oop.util.SymbolTableUtil - Node Block not marked by SymbolTableBuilderXtc
2015-12-09 00:45:49,997 - [pool-6-thread-2] WARN  edu.nyu.oop.util.SymbolTableUtil - Node Block not marked by SymbolTableBuilderXtc
2015-12-09 00:45:49,998 - [pool-6-thread-2] WARN  edu.nyu.oop.util.SymbolTableUtil - Node Block not marked by SymbolTableBuilderXtc
2015-12-09 00:45:50,100 - [pool-6-thread-2] WARN  edu.nyu.oop.util.SymbolTableUtil - Node PackageDeclaration not marked by SymbolTableBuilderXtc
2015-12-09 00:45:50,101 - [pool-6-thread-2] WARN  edu.nyu.oop.util.SymbolTableUtil - Node Block not marked by SymbolTableBuilderXtc
2015-12-09 00:45:50,102 - [pool-6-thread-2] WARN  edu.nyu.oop.util.SymbolTableUtil - Node Block not marked by SymbolTableBuilderXtc
2015-12-09 00:49:09,553 - [pool-8-thread-1] DEBUG edu.nyu.oop.SymbolTableTest - Executing SymbolTableTest
2015-12-09 00:49:09,610 - [pool-8-thread-1] WARN  edu.nyu.oop.util.SymbolTableUtil - Node ClassBody not marked by SymbolTableBuilderXtc
2015-12-09 00:49:09,827 - [pool-8-thread-1] WARN  edu.nyu.oop.util.SymbolTableUtil - Node PackageDeclaration not marked by SymbolTableBuilderXtc
2015-12-09 00:49:09,828 - [pool-8-thread-1] WARN  edu.nyu.oop.util.SymbolTableUtil - Node Block not marked by SymbolTableBuilderXtc
2015-12-09 00:49:09,828 - [pool-8-thread-1] WARN  edu.nyu.oop.util.SymbolTableUtil - Node Block not marked by SymbolTableBuilderXtc
2015-12-09 00:49:09,828 - [pool-8-thread-1] WARN  edu.nyu.oop.util.SymbolTableUtil - Node Block not marked by SymbolTableBuilderXtc
2015-12-09 00:49:09,828 - [pool-8-thread-1] WARN  edu.nyu.oop.util.SymbolTableUtil - Node Block not marked by SymbolTableBuilderXtc
2015-12-09 00:49:09,829 - [pool-8-thread-1] WARN  edu.nyu.oop.util.SymbolTableUtil - Node Block not marked by SymbolTableBuilderXtc
2015-12-09 00:49:09,930 - [pool-8-thread-1] WARN  edu.nyu.oop.util.SymbolTableUtil - Node PackageDeclaration not marked by SymbolTableBuilderXtc
2015-12-09 00:49:09,931 - [pool-8-thread-1] WARN  edu.nyu.oop.util.SymbolTableUtil - Node Block not marked by SymbolTableBuilderXtc
2015-12-09 00:49:09,931 - [pool-8-thread-1] WARN  edu.nyu.oop.util.SymbolTableUtil - Node Block not marked by SymbolTableBuilderXtc
2015-12-09 01:25:44,829 - [pool-4-thread-2] DEBUG edu.nyu.oop.SymbolTableTest - Executing SymbolTableTest
2015-12-09 01:25:44,912 - [pool-4-thread-2] WARN  edu.nyu.oop.util.SymbolTableUtil - Node ClassBody not marked by SymbolTableBuilderXtc
2015-12-09 01:25:45,152 - [pool-4-thread-2] WARN  edu.nyu.oop.util.SymbolTableUtil - Node PackageDeclaration not marked by SymbolTableBuilderXtc
2015-12-09 01:25:45,153 - [pool-4-thread-2] WARN  edu.nyu.oop.util.SymbolTableUtil - Node Block not marked by SymbolTableBuilderXtc
2015-12-09 01:25:45,153 - [pool-4-thread-2] WARN  edu.nyu.oop.util.SymbolTableUtil - Node Block not marked by SymbolTableBuilderXtc
2015-12-09 01:25:45,153 - [pool-4-thread-2] WARN  edu.nyu.oop.util.SymbolTableUtil - Node Block not marked by SymbolTableBuilderXtc
2015-12-09 01:25:45,154 - [pool-4-thread-2] WARN  edu.nyu.oop.util.SymbolTableUtil - Node Block not marked by SymbolTableBuilderXtc
2015-12-09 01:25:45,154 - [pool-4-thread-2] WARN  edu.nyu.oop.util.SymbolTableUtil - Node Block not marked by SymbolTableBuilderXtc
2015-12-09 01:25:45,259 - [pool-4-thread-2] WARN  edu.nyu.oop.util.SymbolTableUtil - Node PackageDeclaration not marked by SymbolTableBuilderXtc
2015-12-09 01:25:45,260 - [pool-4-thread-2] WARN  edu.nyu.oop.util.SymbolTableUtil - Node Block not marked by SymbolTableBuilderXtc
2015-12-09 01:25:45,261 - [pool-4-thread-2] WARN  edu.nyu.oop.util.SymbolTableUtil - Node Block not marked by SymbolTableBuilderXtc
2015-12-15 02:17:06,157 - [pool-4-thread-2] DEBUG edu.nyu.oop.SourceParser - Loading Test010.java
2015-12-15 02:17:06,187 - [pool-4-thread-2] INFO  e.n.oop.CppImplementationPrinterTest - Executing JavaPrinterTest with input file: src/test/java/inputs/test010/Test010.java
2015-12-15 02:17:06,189 - [pool-4-thread-2] INFO  e.n.oop.CppImplementationPrinterTest - Printing file...
2015-12-15 02:17:06,194 - [pool-4-thread-2] DEBUG edu.nyu.oop.SourceParser - Loading Object.java
2015-12-15 02:17:06,195 - [pool-4-thread-2] DEBUG edu.nyu.oop.SourceParser - Loading Class.java
2015-12-15 02:17:06,197 - [pool-4-thread-2] DEBUG edu.nyu.oop.SourceParser - Loading String.java
2015-12-15 02:17:06,203 - [pool-4-thread-2] DEBUG e.nyu.oop.util.JavaFiveImportParser - Did not find a directory at /Users/Yougen/translator-syn-tax-collectors/src/main/java/inputs/test010
2015-12-15 02:17:06,203 - [pool-4-thread-2] DEBUG e.nyu.oop.util.JavaFiveImportParser - Loading Test010.java
2015-12-15 02:50:21,875 - [pool-6-thread-6] DEBUG edu.nyu.oop.SourceParser - Loading Test010.java
2015-12-15 02:50:21,901 - [pool-6-thread-6] INFO  edu.nyu.oop.CppHeaderPrinterTest - Executing CppHeaderPrinter with input file: src/test/java/inputs/test010/Test010.java
2015-12-15 02:50:21,903 - [pool-6-thread-6] INFO  edu.nyu.oop.CppHeaderPrinterTest - Printing file...
2015-12-15 02:50:21,910 - [pool-6-thread-6] DEBUG edu.nyu.oop.SourceParser - Loading Object.java
2015-12-15 02:50:21,912 - [pool-6-thread-6] DEBUG edu.nyu.oop.SourceParser - Loading Class.java
2015-12-15 02:50:21,914 - [pool-6-thread-6] DEBUG edu.nyu.oop.SourceParser - Loading String.java
2015-12-15 02:50:21,922 - [pool-6-thread-6] DEBUG e.nyu.oop.util.JavaFiveImportParser - Did not find a directory at /Users/Yougen/translator-syn-tax-collectors/src/main/java/inputs/test010
2015-12-15 02:50:21,922 - [pool-6-thread-6] DEBUG e.nyu.oop.util.JavaFiveImportParser - Loading Test010.java
2015-12-15 02:50:21,946 - [pool-6-thread-6] INFO  edu.nyu.oop.CppHeaderPrinterTest - Root name: AstRoot
2015-12-15 03:00:32,243 - [pool-9-thread-4] DEBUG edu.nyu.oop.SourceParser - Loading Test010.java
2015-12-15 03:00:32,265 - [pool-9-thread-4] INFO  e.n.oop.CppImplementationPrinterTest - Executing JavaPrinterTest with input file: src/test/java/inputs/test010/Test010.java
2015-12-15 03:00:32,267 - [pool-9-thread-4] INFO  e.n.oop.CppImplementationPrinterTest - Printing file...
2015-12-15 03:00:32,272 - [pool-9-thread-4] DEBUG edu.nyu.oop.SourceParser - Loading Object.java
2015-12-15 03:00:32,273 - [pool-9-thread-4] DEBUG edu.nyu.oop.SourceParser - Loading Class.java
2015-12-15 03:00:32,274 - [pool-9-thread-4] DEBUG edu.nyu.oop.SourceParser - Loading String.java
2015-12-15 03:00:32,278 - [pool-9-thread-4] DEBUG e.nyu.oop.util.JavaFiveImportParser - Did not find a directory at /Users/Yougen/translator-syn-tax-collectors/src/main/java/inputs/test010
2015-12-15 03:00:32,279 - [pool-9-thread-4] DEBUG e.nyu.oop.util.JavaFiveImportParser - Loading Test010.java
2015-12-20 20:32:27,239 - [run-main-0] DEBUG edu.nyu.oop.Boot - This is a debugging statement.
2015-12-20 20:34:00,607 - [run-main-0] DEBUG edu.nyu.oop.Boot - This is a debugging statement.
2015-12-20 20:35:22,706 - [run-main-1] DEBUG edu.nyu.oop.Boot - This is a debugging statement.
2015-12-20 20:37:23,691 - [run-main-2] DEBUG edu.nyu.oop.Boot - This is a debugging statement.
2015-12-20 20:37:23,731 - [run-main-2] DEBUG edu.nyu.oop.SourceParser - Loading Object.java
2015-12-20 20:37:23,732 - [run-main-2] DEBUG edu.nyu.oop.SourceParser - Loading Class.java
2015-12-20 20:37:23,734 - [run-main-2] DEBUG edu.nyu.oop.SourceParser - Loading String.java
2015-12-20 20:37:23,739 - [run-main-2] DEBUG e.nyu.oop.util.JavaFiveImportParser - Did not find a directory at /Users/Yougen/translator-syn-tax-collectors/src/main/java/inputs2/test043
2015-12-20 20:37:23,740 - [run-main-2] DEBUG e.nyu.oop.util.JavaFiveImportParser - Loading Test043.java
2015-12-20 20:37:26,999 - [run-main-2] WARN  edu.nyu.oop.Translator - output/output.cpp:1:9: warning: #pragma once in main file
2015-12-20 20:37:27,000 - [run-main-2] WARN  edu.nyu.oop.Translator - #pragma once
2015-12-20 20:37:27,000 - [run-main-2] WARN  edu.nyu.oop.Translator -         ^
2015-12-20 20:37:27,000 - [run-main-2] WARN  edu.nyu.oop.Translator - In file included from output/output.cpp:4:
2015-12-20 20:37:27,000 - [run-main-2] WARN  edu.nyu.oop.Translator - output/output.h:35:20: note: previous declaration is here
2015-12-20 20:37:27,000 - [run-main-2] WARN  edu.nyu.oop.Translator -             void (*m)(A);
2015-12-20 20:37:27,000 - [run-main-2] WARN  edu.nyu.oop.Translator -                    ^
2015-12-20 20:37:27,000 - [run-main-2] WARN  edu.nyu.oop.Translator - output/output.h:45:17: note: previous initialization is here
2015-12-20 20:37:27,000 - [run-main-2] WARN  edu.nyu.oop.Translator -                 m(&__A::m),
2015-12-20 20:37:27,000 - [run-main-2] WARN  edu.nyu.oop.Translator -                 ^~~~~~~~~~
2015-12-20 20:37:27,000 - [run-main-2] WARN  edu.nyu.oop.Translator - output/output.h:73:20: note: previous declaration is here
2015-12-20 20:37:27,001 - [run-main-2] WARN  edu.nyu.oop.Translator -             void (*m)(B);
2015-12-20 20:37:27,001 - [run-main-2] WARN  edu.nyu.oop.Translator -                    ^
2015-12-20 20:37:27,001 - [run-main-2] WARN  edu.nyu.oop.Translator - output/output.h:84:17: note: previous initialization is here
2015-12-20 20:37:27,001 - [run-main-2] WARN  edu.nyu.oop.Translator -                 m(&__B::m),
2015-12-20 20:37:27,001 - [run-main-2] WARN  edu.nyu.oop.Translator -                 ^~~~~~~~~~
2015-12-20 20:37:27,001 - [run-main-2] WARN  edu.nyu.oop.Translator - output/output.h:112:20: note: previous declaration is here
2015-12-20 20:37:27,001 - [run-main-2] WARN  edu.nyu.oop.Translator -             void (*m)(C);
2015-12-20 20:37:27,001 - [run-main-2] WARN  edu.nyu.oop.Translator -                    ^
2015-12-20 20:37:27,001 - [run-main-2] WARN  edu.nyu.oop.Translator - output/output.h:23:25: note: candidate function has different number of parameters (expected 2 but has 1)
2015-12-20 20:37:27,001 - [run-main-2] WARN  edu.nyu.oop.Translator -             static void m(A);
2015-12-20 20:37:27,001 - [run-main-2] WARN  edu.nyu.oop.Translator -                         ^
2015-12-20 20:37:27,001 - [run-main-2] WARN  edu.nyu.oop.Translator - output/output.h:24:22: note: candidate function has type mismatch at 1st parameter (expected 'Ptr<inputs2::test043::__C, [...]>' but has 'Ptr<inputs2::test043::__A, [...]>')
2015-12-20 20:37:27,001 - [run-main-2] WARN  edu.nyu.oop.Translator -             static A m(A, A);
2015-12-20 20:37:27,001 - [run-main-2] WARN  edu.nyu.oop.Translator -                      ^
2015-12-20 20:37:27,002 - [run-main-2] ERROR edu.nyu.oop.Translator - output/output.h:36:17: error: duplicate member 'm'
2015-12-20 20:37:27,002 - [run-main-2] ERROR edu.nyu.oop.Translator -             A (*m)(A, A);
2015-12-20 20:37:27,002 - [run-main-2] ERROR edu.nyu.oop.Translator -                 ^
2015-12-20 20:37:27,003 - [run-main-2] ERROR edu.nyu.oop.Translator - output/output.h:35:20: note: previous declaration is here
2015-12-20 20:37:27,003 - [run-main-2] ERROR edu.nyu.oop.Translator -             void (*m)(A);
2015-12-20 20:37:27,003 - [run-main-2] ERROR edu.nyu.oop.Translator -                    ^
2015-12-20 20:37:27,003 - [run-main-2] ERROR edu.nyu.oop.Translator - output/output.h:46:17: error: multiple initializations given for non-static member 'm'
2015-12-20 20:37:27,003 - [run-main-2] ERROR edu.nyu.oop.Translator -                 m(&__A::m),
2015-12-20 20:37:27,003 - [run-main-2] ERROR edu.nyu.oop.Translator -                 ^~~~~~~~~~
2015-12-20 20:37:27,003 - [run-main-2] ERROR edu.nyu.oop.Translator - output/output.h:45:17: note: previous initialization is here
2015-12-20 20:37:27,003 - [run-main-2] ERROR edu.nyu.oop.Translator -                 m(&__A::m),
2015-12-20 20:37:27,003 - [run-main-2] ERROR edu.nyu.oop.Translator -                 ^~~~~~~~~~
2015-12-20 20:37:27,003 - [run-main-2] ERROR edu.nyu.oop.Translator - output/output.h:62:20: error: unknown type name 'C'
2015-12-20 20:37:27,003 - [run-main-2] ERROR edu.nyu.oop.Translator -             static C m(B, B);
2015-12-20 20:37:27,003 - [run-main-2] ERROR edu.nyu.oop.Translator -                    ^
2015-12-20 20:37:27,003 - [run-main-2] ERROR edu.nyu.oop.Translator - output/output.h:74:13: error: unknown type name 'C'
2015-12-20 20:37:27,003 - [run-main-2] ERROR edu.nyu.oop.Translator -             C (*m)(B, B);
2015-12-20 20:37:27,003 - [run-main-2] ERROR edu.nyu.oop.Translator -             ^
2015-12-20 20:37:27,003 - [run-main-2] ERROR edu.nyu.oop.Translator - output/output.h:74:17: error: duplicate member 'm'
2015-12-20 20:37:27,003 - [run-main-2] ERROR edu.nyu.oop.Translator -             C (*m)(B, B);
2015-12-20 20:37:27,003 - [run-main-2] ERROR edu.nyu.oop.Translator -                 ^
2015-12-20 20:37:27,003 - [run-main-2] ERROR edu.nyu.oop.Translator - output/output.h:73:20: note: previous declaration is here
2015-12-20 20:37:27,003 - [run-main-2] ERROR edu.nyu.oop.Translator -             void (*m)(B);
2015-12-20 20:37:27,003 - [run-main-2] ERROR edu.nyu.oop.Translator -                    ^
2015-12-20 20:37:27,004 - [run-main-2] ERROR edu.nyu.oop.Translator - output/output.h:85:17: error: multiple initializations given for non-static member 'm'
2015-12-20 20:37:27,004 - [run-main-2] ERROR edu.nyu.oop.Translator -                 m(&__B::m),
2015-12-20 20:37:27,004 - [run-main-2] ERROR edu.nyu.oop.Translator -                 ^~~~~~~~~~
2015-12-20 20:37:27,004 - [run-main-2] ERROR edu.nyu.oop.Translator - output/output.h:84:17: note: previous initialization is here
2015-12-20 20:37:27,004 - [run-main-2] ERROR edu.nyu.oop.Translator -                 m(&__B::m),
2015-12-20 20:37:27,004 - [run-main-2] ERROR edu.nyu.oop.Translator -                 ^~~~~~~~~~
2015-12-20 20:37:27,004 - [run-main-2] ERROR edu.nyu.oop.Translator - output/output.h:113:17: error: duplicate member 'm'
2015-12-20 20:37:27,004 - [run-main-2] ERROR edu.nyu.oop.Translator -             A (*m)(C, A);
2015-12-20 20:37:27,004 - [run-main-2] ERROR edu.nyu.oop.Translator -                 ^
2015-12-20 20:37:27,004 - [run-main-2] ERROR edu.nyu.oop.Translator - output/output.h:112:20: note: previous declaration is here
2015-12-20 20:37:27,004 - [run-main-2] ERROR edu.nyu.oop.Translator -             void (*m)(C);
2015-12-20 20:37:27,004 - [run-main-2] ERROR edu.nyu.oop.Translator -                    ^
2015-12-20 20:37:27,004 - [run-main-2] ERROR edu.nyu.oop.Translator - output/output.h:124:32: error: address of overloaded function 'm' does not match required type '__rt::Ptr<inputs2::test043::__A, java_policy> (__rt::Ptr<inputs2::test043::__C, java_policy>, __rt::Ptr<inputs2::test043::__A, java_policy>)'
2015-12-20 20:37:27,004 - [run-main-2] ERROR edu.nyu.oop.Translator -                 m((A(*)(C, A))&__A::m),
2015-12-20 20:37:27,004 - [run-main-2] ERROR edu.nyu.oop.Translator -                                ^~~~~~
2015-12-20 20:37:27,004 - [run-main-2] ERROR edu.nyu.oop.Translator - output/output.h:23:25: note: candidate function has different number of parameters (expected 2 but has 1)
2015-12-20 20:37:27,004 - [run-main-2] ERROR edu.nyu.oop.Translator -             static void m(A);
2015-12-20 20:37:27,004 - [run-main-2] ERROR edu.nyu.oop.Translator -                         ^
2015-12-20 20:37:27,004 - [run-main-2] ERROR edu.nyu.oop.Translator - output/output.h:24:22: note: candidate function has type mismatch at 1st parameter (expected 'Ptr<inputs2::test043::__C, [...]>' but has 'Ptr<inputs2::test043::__A, [...]>')
2015-12-20 20:37:27,004 - [run-main-2] ERROR edu.nyu.oop.Translator -             static A m(A, A);
2015-12-20 20:37:27,004 - [run-main-2] ERROR edu.nyu.oop.Translator -                      ^
2015-12-20 20:37:27,004 - [run-main-2] ERROR edu.nyu.oop.Translator - output/output.cpp:150:19: error: too many arguments to function call, expected 1, have 2
2015-12-20 20:37:27,005 - [run-main-2] ERROR edu.nyu.oop.Translator -   b->__vptr->m(b, b)->__vptr->m(b->__vptr->m(b, b));
2015-12-20 20:37:27,005 - [run-main-2] ERROR edu.nyu.oop.Translator -   ~~~~~~~~~~~~    ^
2015-12-20 20:37:27,005 - [run-main-2] ERROR edu.nyu.oop.Translator - output/output.cpp:150:49: error: too many arguments to function call, expected 1, have 2
2015-12-20 20:37:27,005 - [run-main-2] ERROR edu.nyu.oop.Translator -   b->__vptr->m(b, b)->__vptr->m(b->__vptr->m(b, b));
2015-12-20 20:37:27,005 - [run-main-2] ERROR edu.nyu.oop.Translator -                                 ~~~~~~~~~~~~    ^
2015-12-20 20:37:27,005 - [run-main-2] ERROR edu.nyu.oop.Translator - 1 warning and 10 errors generated.
2015-12-20 22:18:02,088 - [run-main-0] DEBUG edu.nyu.oop.Boot - This is a debugging statement.
2015-12-20 22:18:02,116 - [run-main-0] DEBUG edu.nyu.oop.SourceParser - Loading Object.java
2015-12-20 22:18:02,117 - [run-main-0] DEBUG edu.nyu.oop.SourceParser - Loading Class.java
2015-12-20 22:18:02,118 - [run-main-0] DEBUG edu.nyu.oop.SourceParser - Loading String.java
2015-12-20 22:18:02,122 - [run-main-0] DEBUG e.nyu.oop.util.JavaFiveImportParser - Did not find a directory at /Users/Yougen/translator-syn-tax-collectors/src/main/java/inputs/test006
2015-12-20 22:18:02,123 - [run-main-0] DEBUG e.nyu.oop.util.JavaFiveImportParser - Loading Test006.java
2015-12-20 22:18:03,226 - [run-main-0] WARN  edu.nyu.oop.Translator - output/output.cpp:1:9: warning: #pragma once in main file
2015-12-20 22:18:03,227 - [run-main-0] WARN  edu.nyu.oop.Translator - #pragma once
2015-12-20 22:18:03,227 - [run-main-0] WARN  edu.nyu.oop.Translator -         ^
2015-12-20 22:18:03,227 - [run-main-0] WARN  edu.nyu.oop.Translator - 1 warning generated.
2015-12-20 22:28:44,929 - [run-main-0] DEBUG edu.nyu.oop.Boot - This is a debugging statement.
2015-12-20 22:28:44,950 - [run-main-0] DEBUG edu.nyu.oop.SourceParser - Loading Object.java
2015-12-20 22:28:44,951 - [run-main-0] DEBUG edu.nyu.oop.SourceParser - Loading Class.java
2015-12-20 22:28:44,953 - [run-main-0] DEBUG edu.nyu.oop.SourceParser - Loading String.java
2015-12-20 22:28:44,956 - [run-main-0] DEBUG e.nyu.oop.util.JavaFiveImportParser - Did not find a directory at /Users/Yougen/translator-syn-tax-collectors/src/main/java/inputs/test006
2015-12-20 22:28:44,956 - [run-main-0] DEBUG e.nyu.oop.util.JavaFiveImportParser - Loading Test006.java
2015-12-20 22:28:45,590 - [run-main-0] WARN  edu.nyu.oop.Translator - output/output.cpp:1:9: warning: #pragma once in main file
2015-12-20 22:28:45,590 - [run-main-0] WARN  edu.nyu.oop.Translator - #pragma once
2015-12-20 22:28:45,590 - [run-main-0] WARN  edu.nyu.oop.Translator -         ^
2015-12-20 22:28:45,590 - [run-main-0] WARN  edu.nyu.oop.Translator - 1 warning generated.
2015-12-20 22:55:34,360 - [run-main-1] DEBUG edu.nyu.oop.Boot - This is a debugging statement.
2015-12-20 22:55:34,386 - [run-main-1] DEBUG edu.nyu.oop.SourceParser - Loading Object.java
2015-12-20 22:55:34,387 - [run-main-1] DEBUG edu.nyu.oop.SourceParser - Loading Class.java
2015-12-20 22:55:34,389 - [run-main-1] DEBUG edu.nyu.oop.SourceParser - Loading String.java
2015-12-20 22:55:34,393 - [run-main-1] DEBUG e.nyu.oop.util.JavaFiveImportParser - Did not find a directory at /Users/Yougen/translator-syn-tax-collectors/src/main/java/inputs/test006
2015-12-20 22:55:34,394 - [run-main-1] DEBUG e.nyu.oop.util.JavaFiveImportParser - Loading Test006.java
2015-12-20 22:55:35,390 - [run-main-1] WARN  edu.nyu.oop.Translator - output/output.cpp:1:9: warning: #pragma once in main file
2015-12-20 22:55:35,391 - [run-main-1] WARN  edu.nyu.oop.Translator - #pragma once
2015-12-20 22:55:35,391 - [run-main-1] WARN  edu.nyu.oop.Translator -         ^
2015-12-20 22:55:35,392 - [run-main-1] ERROR edu.nyu.oop.Translator - output/output.cpp:90:30: error: no viable conversion from 'const char [2]' to 'String' (aka 'Ptr<java::lang::__String>')
2015-12-20 22:55:35,392 - [run-main-1] ERROR edu.nyu.oop.Translator -   a->__vptr->almostSetFld(a, "B");
2015-12-20 22:55:35,392 - [run-main-1] ERROR edu.nyu.oop.Translator -                              ^~~
2015-12-20 22:55:35,392 - [run-main-1] ERROR edu.nyu.oop.Translator - output/output.cpp:92:24: error: no viable conversion from 'const char [2]' to 'String' (aka 'Ptr<java::lang::__String>')
2015-12-20 22:55:35,392 - [run-main-1] ERROR edu.nyu.oop.Translator -   a->__vptr->setFld(a, "B");
2015-12-20 22:55:35,392 - [run-main-1] ERROR edu.nyu.oop.Translator -                        ^~~
2015-12-20 22:59:01,666 - [run-main-2] DEBUG edu.nyu.oop.Boot - This is a debugging statement.
2015-12-20 22:59:01,686 - [run-main-2] DEBUG edu.nyu.oop.SourceParser - Loading Object.java
2015-12-20 22:59:01,687 - [run-main-2] DEBUG edu.nyu.oop.SourceParser - Loading Class.java
2015-12-20 22:59:01,689 - [run-main-2] DEBUG edu.nyu.oop.SourceParser - Loading String.java
2015-12-20 22:59:01,691 - [run-main-2] DEBUG e.nyu.oop.util.JavaFiveImportParser - Did not find a directory at /Users/Yougen/translator-syn-tax-collectors/src/main/java/inputs/test006
2015-12-20 22:59:01,692 - [run-main-2] DEBUG e.nyu.oop.util.JavaFiveImportParser - Loading Test006.java
2015-12-20 22:59:02,378 - [run-main-2] WARN  edu.nyu.oop.Translator - output/output.cpp:1:9: warning: #pragma once in main file
2015-12-20 22:59:02,379 - [run-main-2] WARN  edu.nyu.oop.Translator - #pragma once
2015-12-20 22:59:02,379 - [run-main-2] WARN  edu.nyu.oop.Translator -         ^
2015-12-20 22:59:02,379 - [run-main-2] WARN  edu.nyu.oop.Translator - 1 warning generated.
2015-12-20 23:08:45,591 - [run-main-0] DEBUG edu.nyu.oop.Boot - This is a debugging statement.
2015-12-20 23:08:45,612 - [run-main-0] DEBUG edu.nyu.oop.SourceParser - Loading Object.java
2015-12-20 23:08:45,613 - [run-main-0] DEBUG edu.nyu.oop.SourceParser - Loading Class.java
2015-12-20 23:08:45,615 - [run-main-0] DEBUG edu.nyu.oop.SourceParser - Loading String.java
2015-12-20 23:08:45,618 - [run-main-0] DEBUG e.nyu.oop.util.JavaFiveImportParser - Did not find a directory at /Users/Yougen/translator-syn-tax-collectors/src/main/java/inputs/test006
2015-12-20 23:08:45,618 - [run-main-0] DEBUG e.nyu.oop.util.JavaFiveImportParser - Loading Test006.java
2015-12-20 23:08:46,246 - [run-main-0] WARN  edu.nyu.oop.Translator - output/output.cpp:1:9: warning: #pragma once in main file
2015-12-20 23:08:46,247 - [run-main-0] WARN  edu.nyu.oop.Translator - #pragma once
2015-12-20 23:08:46,247 - [run-main-0] WARN  edu.nyu.oop.Translator -         ^
2015-12-20 23:08:46,247 - [run-main-0] WARN  edu.nyu.oop.Translator - 1 warning generated.
